2014/07/14 00:39:49 [error] [exception.CHttpException.404] exception 'CHttpException' with message 'Không thể giải quyết yêu cầu "images/left002.png".' in C:\xampp\htdocs\ShopCuoi\framework\web\CWebApplication.php:286
Stack trace:
#0 C:\xampp\htdocs\ShopCuoi\framework\web\CWebApplication.php(141): CWebApplication->runController('images/left002....')
#1 C:\xampp\htdocs\ShopCuoi\framework\base\CApplication.php(169): CWebApplication->processRequest()
#2 C:\xampp\htdocs\ShopCuoi\index.php(13): CApplication->run()
#3 {main}
REQUEST_URI=/ShopCuoi/images/left002.png
HTTP_REFERER=http://localhost/ShopCuoi/site/create.html
---
2014/07/14 00:39:56 [error] [exception.CHttpException.404] exception 'CHttpException' with message 'Không thể giải quyết yêu cầu "images/left002.png".' in C:\xampp\htdocs\ShopCuoi\framework\web\CWebApplication.php:286
Stack trace:
#0 C:\xampp\htdocs\ShopCuoi\framework\web\CWebApplication.php(141): CWebApplication->runController('images/left002....')
#1 C:\xampp\htdocs\ShopCuoi\framework\base\CApplication.php(169): CWebApplication->processRequest()
#2 C:\xampp\htdocs\ShopCuoi\index.php(13): CApplication->run()
#3 {main}
REQUEST_URI=/ShopCuoi/images/left002.png
HTTP_REFERER=http://localhost/ShopCuoi/site/create.html
---
2014/07/14 00:39:59 [error] [exception.CHttpException.404] exception 'CHttpException' with message 'Không thể giải quyết yêu cầu "images/left002.png".' in C:\xampp\htdocs\ShopCuoi\framework\web\CWebApplication.php:286
Stack trace:
#0 C:\xampp\htdocs\ShopCuoi\framework\web\CWebApplication.php(141): CWebApplication->runController('images/left002....')
#1 C:\xampp\htdocs\ShopCuoi\framework\base\CApplication.php(169): CWebApplication->processRequest()
#2 C:\xampp\htdocs\ShopCuoi\index.php(13): CApplication->run()
#3 {main}
REQUEST_URI=/ShopCuoi/images/left002.png
HTTP_REFERER=http://localhost/ShopCuoi/site/create.html
---
2014/07/14 00:40:05 [error] [exception.CHttpException.404] exception 'CHttpException' with message 'Không thể giải quyết yêu cầu "images/left002.png".' in C:\xampp\htdocs\ShopCuoi\framework\web\CWebApplication.php:286
Stack trace:
#0 C:\xampp\htdocs\ShopCuoi\framework\web\CWebApplication.php(141): CWebApplication->runController('images/left002....')
#1 C:\xampp\htdocs\ShopCuoi\framework\base\CApplication.php(169): CWebApplication->processRequest()
#2 C:\xampp\htdocs\ShopCuoi\index.php(13): CApplication->run()
#3 {main}
REQUEST_URI=/ShopCuoi/images/left002.png
HTTP_REFERER=http://localhost/ShopCuoi/site/index.html
---
2014/07/14 00:40:08 [error] [exception.CHttpException.404] exception 'CHttpException' with message 'Không thể giải quyết yêu cầu "images/left002.png".' in C:\xampp\htdocs\ShopCuoi\framework\web\CWebApplication.php:286
Stack trace:
#0 C:\xampp\htdocs\ShopCuoi\framework\web\CWebApplication.php(141): CWebApplication->runController('images/left002....')
#1 C:\xampp\htdocs\ShopCuoi\framework\base\CApplication.php(169): CWebApplication->processRequest()
#2 C:\xampp\htdocs\ShopCuoi\index.php(13): CApplication->run()
#3 {main}
REQUEST_URI=/ShopCuoi/images/left002.png
HTTP_REFERER=http://localhost/ShopCuoi/site/shoppingCart.html
---
2014/07/14 01:54:22 [error] [exception.CHttpException.404] exception 'CHttpException' with message 'Không thể giải quyết yêu cầu "images/left002.png".' in C:\xampp\htdocs\ShopCuoi\framework\web\CWebApplication.php:286
Stack trace:
#0 C:\xampp\htdocs\ShopCuoi\framework\web\CWebApplication.php(141): CWebApplication->runController('images/left002....')
#1 C:\xampp\htdocs\ShopCuoi\framework\base\CApplication.php(169): CWebApplication->processRequest()
#2 C:\xampp\htdocs\ShopCuoi\index.php(13): CApplication->run()
#3 {main}
REQUEST_URI=/ShopCuoi/images/left002.png
HTTP_REFERER=http://localhost/ShopCuoi/
---
2014/07/14 01:56:34 [error] [exception.CHttpException.404] exception 'CHttpException' with message 'Không thể giải quyết yêu cầu "images/left002.png".' in C:\xampp\htdocs\ShopCuoi\framework\web\CWebApplication.php:286
Stack trace:
#0 C:\xampp\htdocs\ShopCuoi\framework\web\CWebApplication.php(141): CWebApplication->runController('images/left002....')
#1 C:\xampp\htdocs\ShopCuoi\framework\base\CApplication.php(169): CWebApplication->processRequest()
#2 C:\xampp\htdocs\ShopCuoi\index.php(13): CApplication->run()
#3 {main}
REQUEST_URI=/ShopCuoi/images/left002.png
HTTP_REFERER=http://localhost/ShopCuoi/
---
2014/07/14 01:57:06 [error] [exception.CHttpException.404] exception 'CHttpException' with message 'Không thể giải quyết yêu cầu "images/left002.png".' in C:\xampp\htdocs\ShopCuoi\framework\web\CWebApplication.php:286
Stack trace:
#0 C:\xampp\htdocs\ShopCuoi\framework\web\CWebApplication.php(141): CWebApplication->runController('images/left002....')
#1 C:\xampp\htdocs\ShopCuoi\framework\base\CApplication.php(169): CWebApplication->processRequest()
#2 C:\xampp\htdocs\ShopCuoi\index.php(13): CApplication->run()
#3 {main}
REQUEST_URI=/ShopCuoi/images/left002.png
HTTP_REFERER=http://localhost/ShopCuoi/
---
2014/07/14 02:06:06 [error] [exception.CHttpException.404] exception 'CHttpException' with message 'Không thể giải quyết yêu cầu "images/left002.png".' in C:\xampp\htdocs\ShopCuoi\framework\web\CWebApplication.php:286
Stack trace:
#0 C:\xampp\htdocs\ShopCuoi\framework\web\CWebApplication.php(141): CWebApplication->runController('images/left002....')
#1 C:\xampp\htdocs\ShopCuoi\framework\base\CApplication.php(169): CWebApplication->processRequest()
#2 C:\xampp\htdocs\ShopCuoi\index.php(13): CApplication->run()
#3 {main}
REQUEST_URI=/ShopCuoi/images/left002.png
HTTP_REFERER=http://localhost/ShopCuoi/
---
2014/07/14 02:09:52 [error] [exception.CHttpException.404] exception 'CHttpException' with message 'Không thể giải quyết yêu cầu "images/left002.png".' in C:\xampp\htdocs\ShopCuoi\framework\web\CWebApplication.php:286
Stack trace:
#0 C:\xampp\htdocs\ShopCuoi\framework\web\CWebApplication.php(141): CWebApplication->runController('images/left002....')
#1 C:\xampp\htdocs\ShopCuoi\framework\base\CApplication.php(169): CWebApplication->processRequest()
#2 C:\xampp\htdocs\ShopCuoi\index.php(13): CApplication->run()
#3 {main}
REQUEST_URI=/ShopCuoi/images/left002.png
HTTP_REFERER=http://localhost/ShopCuoi/
---
2014/07/14 02:11:50 [error] [exception.CHttpException.404] exception 'CHttpException' with message 'Không thể giải quyết yêu cầu "images/left002.png".' in C:\xampp\htdocs\ShopCuoi\framework\web\CWebApplication.php:286
Stack trace:
#0 C:\xampp\htdocs\ShopCuoi\framework\web\CWebApplication.php(141): CWebApplication->runController('images/left002....')
#1 C:\xampp\htdocs\ShopCuoi\framework\base\CApplication.php(169): CWebApplication->processRequest()
#2 C:\xampp\htdocs\ShopCuoi\index.php(13): CApplication->run()
#3 {main}
REQUEST_URI=/ShopCuoi/images/left002.png
HTTP_REFERER=http://localhost/ShopCuoi/
---
2014/07/14 10:54:04 [error] [exception.CHttpException.404] exception 'CHttpException' with message 'Không thể giải quyết yêu cầu "images/left002.png".' in C:\xampp\htdocs\ShopCuoi\framework\web\CWebApplication.php:286
Stack trace:
#0 C:\xampp\htdocs\ShopCuoi\framework\web\CWebApplication.php(141): CWebApplication->runController('images/left002....')
#1 C:\xampp\htdocs\ShopCuoi\framework\base\CApplication.php(169): CWebApplication->processRequest()
#2 C:\xampp\htdocs\ShopCuoi\index.php(13): CApplication->run()
#3 {main}
REQUEST_URI=/ShopCuoi/images/left002.png
HTTP_REFERER=http://localhost/ShopCuoi/
---
2014/07/14 10:55:36 [error] [exception.CHttpException.404] exception 'CHttpException' with message 'Không thể giải quyết yêu cầu "images/left002.png".' in C:\xampp\htdocs\ShopCuoi\framework\web\CWebApplication.php:286
Stack trace:
#0 C:\xampp\htdocs\ShopCuoi\framework\web\CWebApplication.php(141): CWebApplication->runController('images/left002....')
#1 C:\xampp\htdocs\ShopCuoi\framework\base\CApplication.php(169): CWebApplication->processRequest()
#2 C:\xampp\htdocs\ShopCuoi\index.php(13): CApplication->run()
#3 {main}
REQUEST_URI=/ShopCuoi/images/left002.png
HTTP_REFERER=http://localhost/ShopCuoi/
---
2014/07/14 10:56:19 [error] [exception.CHttpException.404] exception 'CHttpException' with message 'Không thể giải quyết yêu cầu "images/left002.png".' in C:\xampp\htdocs\ShopCuoi\framework\web\CWebApplication.php:286
Stack trace:
#0 C:\xampp\htdocs\ShopCuoi\framework\web\CWebApplication.php(141): CWebApplication->runController('images/left002....')
#1 C:\xampp\htdocs\ShopCuoi\framework\base\CApplication.php(169): CWebApplication->processRequest()
#2 C:\xampp\htdocs\ShopCuoi\index.php(13): CApplication->run()
#3 {main}
REQUEST_URI=/ShopCuoi/images/left002.png
HTTP_REFERER=http://localhost/ShopCuoi/
---
2014/07/14 11:00:34 [error] [exception.CHttpException.404] exception 'CHttpException' with message 'Không thể giải quyết yêu cầu "images/left002.png".' in C:\xampp\htdocs\ShopCuoi\framework\web\CWebApplication.php:286
Stack trace:
#0 C:\xampp\htdocs\ShopCuoi\framework\web\CWebApplication.php(141): CWebApplication->runController('images/left002....')
#1 C:\xampp\htdocs\ShopCuoi\framework\base\CApplication.php(169): CWebApplication->processRequest()
#2 C:\xampp\htdocs\ShopCuoi\index.php(13): CApplication->run()
#3 {main}
REQUEST_URI=/ShopCuoi/images/left002.png
HTTP_REFERER=http://localhost/ShopCuoi/
---
2014/07/14 11:05:04 [error] [exception.CHttpException.404] exception 'CHttpException' with message 'Không thể giải quyết yêu cầu "images/left002.png".' in C:\xampp\htdocs\ShopCuoi\framework\web\CWebApplication.php:286
Stack trace:
#0 C:\xampp\htdocs\ShopCuoi\framework\web\CWebApplication.php(141): CWebApplication->runController('images/left002....')
#1 C:\xampp\htdocs\ShopCuoi\framework\base\CApplication.php(169): CWebApplication->processRequest()
#2 C:\xampp\htdocs\ShopCuoi\index.php(13): CApplication->run()
#3 {main}
REQUEST_URI=/ShopCuoi/images/left002.png
HTTP_REFERER=http://localhost/ShopCuoi/
---
2014/07/14 11:06:55 [error] [exception.CHttpException.404] exception 'CHttpException' with message 'Không thể giải quyết yêu cầu "images/left002.png".' in C:\xampp\htdocs\ShopCuoi\framework\web\CWebApplication.php:286
Stack trace:
#0 C:\xampp\htdocs\ShopCuoi\framework\web\CWebApplication.php(141): CWebApplication->runController('images/left002....')
#1 C:\xampp\htdocs\ShopCuoi\framework\base\CApplication.php(169): CWebApplication->processRequest()
#2 C:\xampp\htdocs\ShopCuoi\index.php(13): CApplication->run()
#3 {main}
REQUEST_URI=/ShopCuoi/images/left002.png
HTTP_REFERER=http://localhost/ShopCuoi/
---
2014/07/14 11:10:21 [error] [exception.CHttpException.404] exception 'CHttpException' with message 'Không thể giải quyết yêu cầu "images/left002.png".' in C:\xampp\htdocs\ShopCuoi\framework\web\CWebApplication.php:286
Stack trace:
#0 C:\xampp\htdocs\ShopCuoi\framework\web\CWebApplication.php(141): CWebApplication->runController('images/left002....')
#1 C:\xampp\htdocs\ShopCuoi\framework\base\CApplication.php(169): CWebApplication->processRequest()
#2 C:\xampp\htdocs\ShopCuoi\index.php(13): CApplication->run()
#3 {main}
REQUEST_URI=/ShopCuoi/images/left002.png
HTTP_REFERER=http://localhost/ShopCuoi/
---
2014/07/14 11:12:37 [error] [exception.CHttpException.404] exception 'CHttpException' with message 'Không thể giải quyết yêu cầu "images/left002.png".' in C:\xampp\htdocs\ShopCuoi\framework\web\CWebApplication.php:286
Stack trace:
#0 C:\xampp\htdocs\ShopCuoi\framework\web\CWebApplication.php(141): CWebApplication->runController('images/left002....')
#1 C:\xampp\htdocs\ShopCuoi\framework\base\CApplication.php(169): CWebApplication->processRequest()
#2 C:\xampp\htdocs\ShopCuoi\index.php(13): CApplication->run()
#3 {main}
REQUEST_URI=/ShopCuoi/images/left002.png
HTTP_REFERER=http://localhost/ShopCuoi/
---
2014/07/14 11:13:28 [error] [exception.CHttpException.404] exception 'CHttpException' with message 'Không thể giải quyết yêu cầu "images/left002.png".' in C:\xampp\htdocs\ShopCuoi\framework\web\CWebApplication.php:286
Stack trace:
#0 C:\xampp\htdocs\ShopCuoi\framework\web\CWebApplication.php(141): CWebApplication->runController('images/left002....')
#1 C:\xampp\htdocs\ShopCuoi\framework\base\CApplication.php(169): CWebApplication->processRequest()
#2 C:\xampp\htdocs\ShopCuoi\index.php(13): CApplication->run()
#3 {main}
REQUEST_URI=/ShopCuoi/images/left002.png
HTTP_REFERER=http://localhost/ShopCuoi/
---
2014/07/14 11:14:48 [error] [exception.CHttpException.404] exception 'CHttpException' with message 'Không thể giải quyết yêu cầu "images/left002.png".' in C:\xampp\htdocs\ShopCuoi\framework\web\CWebApplication.php:286
Stack trace:
#0 C:\xampp\htdocs\ShopCuoi\framework\web\CWebApplication.php(141): CWebApplication->runController('images/left002....')
#1 C:\xampp\htdocs\ShopCuoi\framework\base\CApplication.php(169): CWebApplication->processRequest()
#2 C:\xampp\htdocs\ShopCuoi\index.php(13): CApplication->run()
#3 {main}
REQUEST_URI=/ShopCuoi/images/left002.png
HTTP_REFERER=http://localhost/ShopCuoi/
---
2014/07/14 11:17:14 [error] [exception.CHttpException.404] exception 'CHttpException' with message 'Không thể giải quyết yêu cầu "images/left002.png".' in C:\xampp\htdocs\ShopCuoi\framework\web\CWebApplication.php:286
Stack trace:
#0 C:\xampp\htdocs\ShopCuoi\framework\web\CWebApplication.php(141): CWebApplication->runController('images/left002....')
#1 C:\xampp\htdocs\ShopCuoi\framework\base\CApplication.php(169): CWebApplication->processRequest()
#2 C:\xampp\htdocs\ShopCuoi\index.php(13): CApplication->run()
#3 {main}
REQUEST_URI=/ShopCuoi/images/left002.png
HTTP_REFERER=http://localhost/ShopCuoi/
---
2014/07/14 11:18:53 [error] [exception.CHttpException.404] exception 'CHttpException' with message 'Không thể giải quyết yêu cầu "images/left002.png".' in C:\xampp\htdocs\ShopCuoi\framework\web\CWebApplication.php:286
Stack trace:
#0 C:\xampp\htdocs\ShopCuoi\framework\web\CWebApplication.php(141): CWebApplication->runController('images/left002....')
#1 C:\xampp\htdocs\ShopCuoi\framework\base\CApplication.php(169): CWebApplication->processRequest()
#2 C:\xampp\htdocs\ShopCuoi\index.php(13): CApplication->run()
#3 {main}
REQUEST_URI=/ShopCuoi/images/left002.png
HTTP_REFERER=http://localhost/ShopCuoi/
---
2014/07/14 11:22:30 [error] [exception.CHttpException.404] exception 'CHttpException' with message 'Không thể giải quyết yêu cầu "images/left002.png".' in C:\xampp\htdocs\ShopCuoi\framework\web\CWebApplication.php:286
Stack trace:
#0 C:\xampp\htdocs\ShopCuoi\framework\web\CWebApplication.php(141): CWebApplication->runController('images/left002....')
#1 C:\xampp\htdocs\ShopCuoi\framework\base\CApplication.php(169): CWebApplication->processRequest()
#2 C:\xampp\htdocs\ShopCuoi\index.php(13): CApplication->run()
#3 {main}
REQUEST_URI=/ShopCuoi/images/left002.png
HTTP_REFERER=http://localhost/ShopCuoi/
---
2014/07/14 11:28:10 [error] [exception.CHttpException.404] exception 'CHttpException' with message 'Không thể giải quyết yêu cầu "images/left002.png".' in C:\xampp\htdocs\ShopCuoi\framework\web\CWebApplication.php:286
Stack trace:
#0 C:\xampp\htdocs\ShopCuoi\framework\web\CWebApplication.php(141): CWebApplication->runController('images/left002....')
#1 C:\xampp\htdocs\ShopCuoi\framework\base\CApplication.php(169): CWebApplication->processRequest()
#2 C:\xampp\htdocs\ShopCuoi\index.php(13): CApplication->run()
#3 {main}
REQUEST_URI=/ShopCuoi/images/left002.png
HTTP_REFERER=http://localhost/ShopCuoi/
---
2014/07/14 11:28:33 [error] [exception.CHttpException.404] exception 'CHttpException' with message 'Không thể giải quyết yêu cầu "images/left002.png".' in C:\xampp\htdocs\ShopCuoi\framework\web\CWebApplication.php:286
Stack trace:
#0 C:\xampp\htdocs\ShopCuoi\framework\web\CWebApplication.php(141): CWebApplication->runController('images/left002....')
#1 C:\xampp\htdocs\ShopCuoi\framework\base\CApplication.php(169): CWebApplication->processRequest()
#2 C:\xampp\htdocs\ShopCuoi\index.php(13): CApplication->run()
#3 {main}
REQUEST_URI=/ShopCuoi/images/left002.png
HTTP_REFERER=http://localhost/ShopCuoi/
---
2014/07/14 11:29:10 [error] [exception.CHttpException.404] exception 'CHttpException' with message 'Không thể giải quyết yêu cầu "images/left002.png".' in C:\xampp\htdocs\ShopCuoi\framework\web\CWebApplication.php:286
Stack trace:
#0 C:\xampp\htdocs\ShopCuoi\framework\web\CWebApplication.php(141): CWebApplication->runController('images/left002....')
#1 C:\xampp\htdocs\ShopCuoi\framework\base\CApplication.php(169): CWebApplication->processRequest()
#2 C:\xampp\htdocs\ShopCuoi\index.php(13): CApplication->run()
#3 {main}
REQUEST_URI=/ShopCuoi/images/left002.png
HTTP_REFERER=http://localhost/ShopCuoi/
---
2014/07/14 11:29:30 [error] [exception.CHttpException.404] exception 'CHttpException' with message 'Không thể giải quyết yêu cầu "images/left002.png".' in C:\xampp\htdocs\ShopCuoi\framework\web\CWebApplication.php:286
Stack trace:
#0 C:\xampp\htdocs\ShopCuoi\framework\web\CWebApplication.php(141): CWebApplication->runController('images/left002....')
#1 C:\xampp\htdocs\ShopCuoi\framework\base\CApplication.php(169): CWebApplication->processRequest()
#2 C:\xampp\htdocs\ShopCuoi\index.php(13): CApplication->run()
#3 {main}
REQUEST_URI=/ShopCuoi/images/left002.png
HTTP_REFERER=http://localhost/ShopCuoi/
---
2014/07/14 11:56:55 [error] [exception.CHttpException.404] exception 'CHttpException' with message 'Không thể giải quyết yêu cầu "images/left002.png".' in C:\xampp\htdocs\ShopCuoi\framework\web\CWebApplication.php:286
Stack trace:
#0 C:\xampp\htdocs\ShopCuoi\framework\web\CWebApplication.php(141): CWebApplication->runController('images/left002....')
#1 C:\xampp\htdocs\ShopCuoi\framework\base\CApplication.php(169): CWebApplication->processRequest()
#2 C:\xampp\htdocs\ShopCuoi\index.php(13): CApplication->run()
#3 {main}
REQUEST_URI=/ShopCuoi/images/left002.png
HTTP_REFERER=http://localhost/ShopCuoi/
---
2014/07/14 12:09:56 [error] [exception.CHttpException.404] exception 'CHttpException' with message 'Không thể giải quyết yêu cầu "images/left002.png".' in C:\xampp\htdocs\ShopCuoi\framework\web\CWebApplication.php:286
Stack trace:
#0 C:\xampp\htdocs\ShopCuoi\framework\web\CWebApplication.php(141): CWebApplication->runController('images/left002....')
#1 C:\xampp\htdocs\ShopCuoi\framework\base\CApplication.php(169): CWebApplication->processRequest()
#2 C:\xampp\htdocs\ShopCuoi\index.php(13): CApplication->run()
#3 {main}
REQUEST_URI=/ShopCuoi/images/left002.png
HTTP_REFERER=http://localhost/ShopCuoi/
---
2014/07/14 12:11:43 [error] [exception.CHttpException.404] exception 'CHttpException' with message 'Không thể giải quyết yêu cầu "images/left002.png".' in C:\xampp\htdocs\ShopCuoi\framework\web\CWebApplication.php:286
Stack trace:
#0 C:\xampp\htdocs\ShopCuoi\framework\web\CWebApplication.php(141): CWebApplication->runController('images/left002....')
#1 C:\xampp\htdocs\ShopCuoi\framework\base\CApplication.php(169): CWebApplication->processRequest()
#2 C:\xampp\htdocs\ShopCuoi\index.php(13): CApplication->run()
#3 {main}
REQUEST_URI=/ShopCuoi/images/left002.png
HTTP_REFERER=http://localhost/ShopCuoi/
---
2014/07/14 12:12:48 [error] [exception.CHttpException.404] exception 'CHttpException' with message 'Không thể giải quyết yêu cầu "images/left002.png".' in C:\xampp\htdocs\ShopCuoi\framework\web\CWebApplication.php:286
Stack trace:
#0 C:\xampp\htdocs\ShopCuoi\framework\web\CWebApplication.php(141): CWebApplication->runController('images/left002....')
#1 C:\xampp\htdocs\ShopCuoi\framework\base\CApplication.php(169): CWebApplication->processRequest()
#2 C:\xampp\htdocs\ShopCuoi\index.php(13): CApplication->run()
#3 {main}
REQUEST_URI=/ShopCuoi/images/left002.png
HTTP_REFERER=http://localhost/ShopCuoi/
---
2014/07/14 12:12:58 [error] [exception.CHttpException.404] exception 'CHttpException' with message 'Không thể giải quyết yêu cầu "images/left002.png".' in C:\xampp\htdocs\ShopCuoi\framework\web\CWebApplication.php:286
Stack trace:
#0 C:\xampp\htdocs\ShopCuoi\framework\web\CWebApplication.php(141): CWebApplication->runController('images/left002....')
#1 C:\xampp\htdocs\ShopCuoi\framework\base\CApplication.php(169): CWebApplication->processRequest()
#2 C:\xampp\htdocs\ShopCuoi\index.php(13): CApplication->run()
#3 {main}
REQUEST_URI=/ShopCuoi/images/left002.png
HTTP_REFERER=http://localhost/ShopCuoi/
---
2014/07/14 12:15:09 [error] [exception.CHttpException.404] exception 'CHttpException' with message 'Không thể giải quyết yêu cầu "images/left002.png".' in C:\xampp\htdocs\ShopCuoi\framework\web\CWebApplication.php:286
Stack trace:
#0 C:\xampp\htdocs\ShopCuoi\framework\web\CWebApplication.php(141): CWebApplication->runController('images/left002....')
#1 C:\xampp\htdocs\ShopCuoi\framework\base\CApplication.php(169): CWebApplication->processRequest()
#2 C:\xampp\htdocs\ShopCuoi\index.php(13): CApplication->run()
#3 {main}
REQUEST_URI=/ShopCuoi/images/left002.png
HTTP_REFERER=http://localhost/ShopCuoi/
---
2014/07/14 12:18:10 [error] [exception.CHttpException.404] exception 'CHttpException' with message 'Không thể giải quyết yêu cầu "images/left002.png".' in C:\xampp\htdocs\ShopCuoi\framework\web\CWebApplication.php:286
Stack trace:
#0 C:\xampp\htdocs\ShopCuoi\framework\web\CWebApplication.php(141): CWebApplication->runController('images/left002....')
#1 C:\xampp\htdocs\ShopCuoi\framework\base\CApplication.php(169): CWebApplication->processRequest()
#2 C:\xampp\htdocs\ShopCuoi\index.php(13): CApplication->run()
#3 {main}
REQUEST_URI=/ShopCuoi/images/left002.png
HTTP_REFERER=http://localhost/ShopCuoi/
---
2014/07/14 12:18:39 [error] [exception.CHttpException.404] exception 'CHttpException' with message 'Không thể giải quyết yêu cầu "images/left002.png".' in C:\xampp\htdocs\ShopCuoi\framework\web\CWebApplication.php:286
Stack trace:
#0 C:\xampp\htdocs\ShopCuoi\framework\web\CWebApplication.php(141): CWebApplication->runController('images/left002....')
#1 C:\xampp\htdocs\ShopCuoi\framework\base\CApplication.php(169): CWebApplication->processRequest()
#2 C:\xampp\htdocs\ShopCuoi\index.php(13): CApplication->run()
#3 {main}
REQUEST_URI=/ShopCuoi/images/left002.png
HTTP_REFERER=http://localhost/ShopCuoi/
---
2014/07/14 12:24:44 [error] [exception.CHttpException.404] exception 'CHttpException' with message 'Không thể giải quyết yêu cầu "images/left002.png".' in C:\xampp\htdocs\ShopCuoi\framework\web\CWebApplication.php:286
Stack trace:
#0 C:\xampp\htdocs\ShopCuoi\framework\web\CWebApplication.php(141): CWebApplication->runController('images/left002....')
#1 C:\xampp\htdocs\ShopCuoi\framework\base\CApplication.php(169): CWebApplication->processRequest()
#2 C:\xampp\htdocs\ShopCuoi\index.php(13): CApplication->run()
#3 {main}
REQUEST_URI=/ShopCuoi/images/left002.png
HTTP_REFERER=http://localhost/ShopCuoi/
---
2014/07/14 12:29:51 [error] [exception.CHttpException.404] exception 'CHttpException' with message 'Không thể giải quyết yêu cầu "images/left002.png".' in C:\xampp\htdocs\ShopCuoi\framework\web\CWebApplication.php:286
Stack trace:
#0 C:\xampp\htdocs\ShopCuoi\framework\web\CWebApplication.php(141): CWebApplication->runController('images/left002....')
#1 C:\xampp\htdocs\ShopCuoi\framework\base\CApplication.php(169): CWebApplication->processRequest()
#2 C:\xampp\htdocs\ShopCuoi\index.php(13): CApplication->run()
#3 {main}
REQUEST_URI=/ShopCuoi/images/left002.png
HTTP_REFERER=http://localhost/ShopCuoi/
---
2014/07/14 17:24:32 [error] [exception.CHttpException.404] exception 'CHttpException' with message 'Không thể giải quyết yêu cầu "images/left002.png".' in C:\xampp\htdocs\ShopCuoi\framework\web\CWebApplication.php:286
Stack trace:
#0 C:\xampp\htdocs\ShopCuoi\framework\web\CWebApplication.php(141): CWebApplication->runController('images/left002....')
#1 C:\xampp\htdocs\ShopCuoi\framework\base\CApplication.php(169): CWebApplication->processRequest()
#2 C:\xampp\htdocs\ShopCuoi\index.php(13): CApplication->run()
#3 {main}
REQUEST_URI=/ShopCuoi/images/left002.png
HTTP_REFERER=http://localhost/ShopCuoi/site/shoppingCart.html
---
2014/07/14 17:26:38 [error] [exception.CHttpException.404] exception 'CHttpException' with message 'Không thể giải quyết yêu cầu "images/left002.png".' in C:\xampp\htdocs\ShopCuoi\framework\web\CWebApplication.php:286
Stack trace:
#0 C:\xampp\htdocs\ShopCuoi\framework\web\CWebApplication.php(141): CWebApplication->runController('images/left002....')
#1 C:\xampp\htdocs\ShopCuoi\framework\base\CApplication.php(169): CWebApplication->processRequest()
#2 C:\xampp\htdocs\ShopCuoi\index.php(13): CApplication->run()
#3 {main}
REQUEST_URI=/ShopCuoi/images/left002.png
HTTP_REFERER=http://localhost/ShopCuoi/site/shoppingCart.html
---
2014/07/14 17:41:33 [error] [exception.CHttpException.404] exception 'CHttpException' with message 'Không thể giải quyết yêu cầu "images/left002.png".' in C:\xampp\htdocs\ShopCuoi\framework\web\CWebApplication.php:286
Stack trace:
#0 C:\xampp\htdocs\ShopCuoi\framework\web\CWebApplication.php(141): CWebApplication->runController('images/left002....')
#1 C:\xampp\htdocs\ShopCuoi\framework\base\CApplication.php(169): CWebApplication->processRequest()
#2 C:\xampp\htdocs\ShopCuoi\index.php(13): CApplication->run()
#3 {main}
REQUEST_URI=/ShopCuoi/images/left002.png
HTTP_REFERER=http://localhost/ShopCuoi/site/index.html
---
2014/07/14 17:41:37 [error] [exception.CHttpException.404] exception 'CHttpException' with message 'Không thể giải quyết yêu cầu "images/left002.png".' in C:\xampp\htdocs\ShopCuoi\framework\web\CWebApplication.php:286
Stack trace:
#0 C:\xampp\htdocs\ShopCuoi\framework\web\CWebApplication.php(141): CWebApplication->runController('images/left002....')
#1 C:\xampp\htdocs\ShopCuoi\framework\base\CApplication.php(169): CWebApplication->processRequest()
#2 C:\xampp\htdocs\ShopCuoi\index.php(13): CApplication->run()
#3 {main}
REQUEST_URI=/ShopCuoi/images/left002.png
HTTP_REFERER=http://localhost/ShopCuoi/site/shoppingCart.html
---
2014/07/14 19:36:00 [error] [exception.CHttpException.404] exception 'CHttpException' with message 'Không thể giải quyết yêu cầu "images/left002.png".' in C:\xampp\htdocs\ShopCuoi\framework\web\CWebApplication.php:286
Stack trace:
#0 C:\xampp\htdocs\ShopCuoi\framework\web\CWebApplication.php(141): CWebApplication->runController('images/left002....')
#1 C:\xampp\htdocs\ShopCuoi\framework\base\CApplication.php(169): CWebApplication->processRequest()
#2 C:\xampp\htdocs\ShopCuoi\index.php(13): CApplication->run()
#3 {main}
REQUEST_URI=/ShopCuoi/images/left002.png
HTTP_REFERER=http://localhost/ShopCuoi/
---
2014/07/14 21:20:38 [error] [exception.CHttpException.404] exception 'CHttpException' with message 'Không thể giải quyết yêu cầu "images/left002.png".' in C:\xampp\htdocs\ShopCuoi\framework\web\CWebApplication.php:286
Stack trace:
#0 C:\xampp\htdocs\ShopCuoi\framework\web\CWebApplication.php(141): CWebApplication->runController('images/left002....')
#1 C:\xampp\htdocs\ShopCuoi\framework\base\CApplication.php(169): CWebApplication->processRequest()
#2 C:\xampp\htdocs\ShopCuoi\index.php(13): CApplication->run()
#3 {main}
REQUEST_URI=/ShopCuoi/images/left002.png
HTTP_REFERER=http://localhost/ShopCuoi/
---
2014/07/14 21:28:01 [error] [exception.CHttpException.404] exception 'CHttpException' with message 'Không thể giải quyết yêu cầu "images/left002.png".' in C:\xampp\htdocs\ShopCuoi\framework\web\CWebApplication.php:286
Stack trace:
#0 C:\xampp\htdocs\ShopCuoi\framework\web\CWebApplication.php(141): CWebApplication->runController('images/left002....')
#1 C:\xampp\htdocs\ShopCuoi\framework\base\CApplication.php(169): CWebApplication->processRequest()
#2 C:\xampp\htdocs\ShopCuoi\index.php(13): CApplication->run()
#3 {main}
REQUEST_URI=/ShopCuoi/images/left002.png
HTTP_REFERER=http://localhost/ShopCuoi/
---
2014/07/14 21:29:26 [error] [exception.CHttpException.404] exception 'CHttpException' with message 'Không thể giải quyết yêu cầu "images/left002.png".' in C:\xampp\htdocs\ShopCuoi\framework\web\CWebApplication.php:286
Stack trace:
#0 C:\xampp\htdocs\ShopCuoi\framework\web\CWebApplication.php(141): CWebApplication->runController('images/left002....')
#1 C:\xampp\htdocs\ShopCuoi\framework\base\CApplication.php(169): CWebApplication->processRequest()
#2 C:\xampp\htdocs\ShopCuoi\index.php(13): CApplication->run()
#3 {main}
REQUEST_URI=/ShopCuoi/images/left002.png
HTTP_REFERER=http://localhost/ShopCuoi/
---
2014/07/14 21:43:14 [error] [exception.CHttpException.404] exception 'CHttpException' with message 'Không thể giải quyết yêu cầu "images/left002.png".' in C:\xampp\htdocs\ShopCuoi\framework\web\CWebApplication.php:286
Stack trace:
#0 C:\xampp\htdocs\ShopCuoi\framework\web\CWebApplication.php(141): CWebApplication->runController('images/left002....')
#1 C:\xampp\htdocs\ShopCuoi\framework\base\CApplication.php(169): CWebApplication->processRequest()
#2 C:\xampp\htdocs\ShopCuoi\index.php(13): CApplication->run()
#3 {main}
REQUEST_URI=/ShopCuoi/images/left002.png
HTTP_REFERER=http://localhost/ShopCuoi/
---
2014/07/14 21:43:37 [error] [exception.CHttpException.404] exception 'CHttpException' with message 'Không thể giải quyết yêu cầu "images/left002.png".' in C:\xampp\htdocs\ShopCuoi\framework\web\CWebApplication.php:286
Stack trace:
#0 C:\xampp\htdocs\ShopCuoi\framework\web\CWebApplication.php(141): CWebApplication->runController('images/left002....')
#1 C:\xampp\htdocs\ShopCuoi\framework\base\CApplication.php(169): CWebApplication->processRequest()
#2 C:\xampp\htdocs\ShopCuoi\index.php(13): CApplication->run()
#3 {main}
REQUEST_URI=/ShopCuoi/images/left002.png
HTTP_REFERER=http://localhost/ShopCuoi/
---
2014/07/14 21:47:18 [error] [exception.CHttpException.404] exception 'CHttpException' with message 'Không thể giải quyết yêu cầu "images/left002.png".' in C:\xampp\htdocs\ShopCuoi\framework\web\CWebApplication.php:286
Stack trace:
#0 C:\xampp\htdocs\ShopCuoi\framework\web\CWebApplication.php(141): CWebApplication->runController('images/left002....')
#1 C:\xampp\htdocs\ShopCuoi\framework\base\CApplication.php(169): CWebApplication->processRequest()
#2 C:\xampp\htdocs\ShopCuoi\index.php(13): CApplication->run()
#3 {main}
REQUEST_URI=/ShopCuoi/images/left002.png
HTTP_REFERER=http://localhost/ShopCuoi/
---
2014/07/14 21:47:37 [error] [exception.CHttpException.404] exception 'CHttpException' with message 'Không thể giải quyết yêu cầu "images/left002.png".' in C:\xampp\htdocs\ShopCuoi\framework\web\CWebApplication.php:286
Stack trace:
#0 C:\xampp\htdocs\ShopCuoi\framework\web\CWebApplication.php(141): CWebApplication->runController('images/left002....')
#1 C:\xampp\htdocs\ShopCuoi\framework\base\CApplication.php(169): CWebApplication->processRequest()
#2 C:\xampp\htdocs\ShopCuoi\index.php(13): CApplication->run()
#3 {main}
REQUEST_URI=/ShopCuoi/images/left002.png
HTTP_REFERER=http://localhost/ShopCuoi/
---
2014/07/14 21:48:14 [error] [exception.CHttpException.404] exception 'CHttpException' with message 'Không thể giải quyết yêu cầu "images/left002.png".' in C:\xampp\htdocs\ShopCuoi\framework\web\CWebApplication.php:286
Stack trace:
#0 C:\xampp\htdocs\ShopCuoi\framework\web\CWebApplication.php(141): CWebApplication->runController('images/left002....')
#1 C:\xampp\htdocs\ShopCuoi\framework\base\CApplication.php(169): CWebApplication->processRequest()
#2 C:\xampp\htdocs\ShopCuoi\index.php(13): CApplication->run()
#3 {main}
REQUEST_URI=/ShopCuoi/images/left002.png
HTTP_REFERER=http://localhost/ShopCuoi/
---
2014/07/14 21:48:27 [error] [exception.CHttpException.404] exception 'CHttpException' with message 'Không thể giải quyết yêu cầu "images/left002.png".' in C:\xampp\htdocs\ShopCuoi\framework\web\CWebApplication.php:286
Stack trace:
#0 C:\xampp\htdocs\ShopCuoi\framework\web\CWebApplication.php(141): CWebApplication->runController('images/left002....')
#1 C:\xampp\htdocs\ShopCuoi\framework\base\CApplication.php(169): CWebApplication->processRequest()
#2 C:\xampp\htdocs\ShopCuoi\index.php(13): CApplication->run()
#3 {main}
REQUEST_URI=/ShopCuoi/images/left002.png
HTTP_REFERER=http://localhost/ShopCuoi/
---
2014/07/14 21:48:57 [error] [exception.CHttpException.404] exception 'CHttpException' with message 'Không thể giải quyết yêu cầu "images/left002.png".' in C:\xampp\htdocs\ShopCuoi\framework\web\CWebApplication.php:286
Stack trace:
#0 C:\xampp\htdocs\ShopCuoi\framework\web\CWebApplication.php(141): CWebApplication->runController('images/left002....')
#1 C:\xampp\htdocs\ShopCuoi\framework\base\CApplication.php(169): CWebApplication->processRequest()
#2 C:\xampp\htdocs\ShopCuoi\index.php(13): CApplication->run()
#3 {main}
REQUEST_URI=/ShopCuoi/images/left002.png
HTTP_REFERER=http://localhost/ShopCuoi/
---
2014/07/14 21:51:37 [error] [exception.CHttpException.404] exception 'CHttpException' with message 'Không thể giải quyết yêu cầu "images/left002.png".' in C:\xampp\htdocs\ShopCuoi\framework\web\CWebApplication.php:286
Stack trace:
#0 C:\xampp\htdocs\ShopCuoi\framework\web\CWebApplication.php(141): CWebApplication->runController('images/left002....')
#1 C:\xampp\htdocs\ShopCuoi\framework\base\CApplication.php(169): CWebApplication->processRequest()
#2 C:\xampp\htdocs\ShopCuoi\index.php(13): CApplication->run()
#3 {main}
REQUEST_URI=/ShopCuoi/images/left002.png
HTTP_REFERER=http://localhost/ShopCuoi/
---
2014/07/14 21:54:33 [error] [exception.CHttpException.404] exception 'CHttpException' with message 'Không thể giải quyết yêu cầu "images/left002.png".' in C:\xampp\htdocs\ShopCuoi\framework\web\CWebApplication.php:286
Stack trace:
#0 C:\xampp\htdocs\ShopCuoi\framework\web\CWebApplication.php(141): CWebApplication->runController('images/left002....')
#1 C:\xampp\htdocs\ShopCuoi\framework\base\CApplication.php(169): CWebApplication->processRequest()
#2 C:\xampp\htdocs\ShopCuoi\index.php(13): CApplication->run()
#3 {main}
REQUEST_URI=/ShopCuoi/images/left002.png
HTTP_REFERER=http://localhost/ShopCuoi/
---
2014/07/14 21:54:59 [error] [exception.CHttpException.404] exception 'CHttpException' with message 'Không thể giải quyết yêu cầu "images/left002.png".' in C:\xampp\htdocs\ShopCuoi\framework\web\CWebApplication.php:286
Stack trace:
#0 C:\xampp\htdocs\ShopCuoi\framework\web\CWebApplication.php(141): CWebApplication->runController('images/left002....')
#1 C:\xampp\htdocs\ShopCuoi\framework\base\CApplication.php(169): CWebApplication->processRequest()
#2 C:\xampp\htdocs\ShopCuoi\index.php(13): CApplication->run()
#3 {main}
REQUEST_URI=/ShopCuoi/images/left002.png
HTTP_REFERER=http://localhost/ShopCuoi/
---
2014/07/14 22:01:16 [error] [exception.CHttpException.404] exception 'CHttpException' with message 'Không thể giải quyết yêu cầu "images/left002.png".' in C:\xampp\htdocs\ShopCuoi\framework\web\CWebApplication.php:286
Stack trace:
#0 C:\xampp\htdocs\ShopCuoi\framework\web\CWebApplication.php(141): CWebApplication->runController('images/left002....')
#1 C:\xampp\htdocs\ShopCuoi\framework\base\CApplication.php(169): CWebApplication->processRequest()
#2 C:\xampp\htdocs\ShopCuoi\index.php(13): CApplication->run()
#3 {main}
REQUEST_URI=/ShopCuoi/images/left002.png
HTTP_REFERER=http://localhost/ShopCuoi/
---
2014/07/14 22:03:05 [error] [exception.CHttpException.404] exception 'CHttpException' with message 'Không thể giải quyết yêu cầu "images/left002.png".' in C:\xampp\htdocs\ShopCuoi\framework\web\CWebApplication.php:286
Stack trace:
#0 C:\xampp\htdocs\ShopCuoi\framework\web\CWebApplication.php(141): CWebApplication->runController('images/left002....')
#1 C:\xampp\htdocs\ShopCuoi\framework\base\CApplication.php(169): CWebApplication->processRequest()
#2 C:\xampp\htdocs\ShopCuoi\index.php(13): CApplication->run()
#3 {main}
REQUEST_URI=/ShopCuoi/images/left002.png
HTTP_REFERER=http://localhost/ShopCuoi/
---
2014/07/14 22:04:27 [error] [exception.CHttpException.404] exception 'CHttpException' with message 'Không thể giải quyết yêu cầu "images/left002.png".' in C:\xampp\htdocs\ShopCuoi\framework\web\CWebApplication.php:286
Stack trace:
#0 C:\xampp\htdocs\ShopCuoi\framework\web\CWebApplication.php(141): CWebApplication->runController('images/left002....')
#1 C:\xampp\htdocs\ShopCuoi\framework\base\CApplication.php(169): CWebApplication->processRequest()
#2 C:\xampp\htdocs\ShopCuoi\index.php(13): CApplication->run()
#3 {main}
REQUEST_URI=/ShopCuoi/images/left002.png
HTTP_REFERER=http://localhost/ShopCuoi/
---
2014/07/14 22:07:04 [error] [exception.CHttpException.404] exception 'CHttpException' with message 'Không thể giải quyết yêu cầu "images/left002.png".' in C:\xampp\htdocs\ShopCuoi\framework\web\CWebApplication.php:286
Stack trace:
#0 C:\xampp\htdocs\ShopCuoi\framework\web\CWebApplication.php(141): CWebApplication->runController('images/left002....')
#1 C:\xampp\htdocs\ShopCuoi\framework\base\CApplication.php(169): CWebApplication->processRequest()
#2 C:\xampp\htdocs\ShopCuoi\index.php(13): CApplication->run()
#3 {main}
REQUEST_URI=/ShopCuoi/images/left002.png
HTTP_REFERER=http://localhost/ShopCuoi/
---
2014/07/14 22:41:00 [error] [exception.CHttpException.404] exception 'CHttpException' with message 'Không thể giải quyết yêu cầu "images/left002.png".' in C:\xampp\htdocs\ShopCuoi\framework\web\CWebApplication.php:286
Stack trace:
#0 C:\xampp\htdocs\ShopCuoi\framework\web\CWebApplication.php(141): CWebApplication->runController('images/left002....')
#1 C:\xampp\htdocs\ShopCuoi\framework\base\CApplication.php(169): CWebApplication->processRequest()
#2 C:\xampp\htdocs\ShopCuoi\index.php(13): CApplication->run()
#3 {main}
REQUEST_URI=/ShopCuoi/images/left002.png
HTTP_REFERER=http://localhost/ShopCuoi/
---
2014/07/14 22:46:14 [error] [exception.CHttpException.404] exception 'CHttpException' with message 'Không thể giải quyết yêu cầu "images/left002.png".' in C:\xampp\htdocs\ShopCuoi\framework\web\CWebApplication.php:286
Stack trace:
#0 C:\xampp\htdocs\ShopCuoi\framework\web\CWebApplication.php(141): CWebApplication->runController('images/left002....')
#1 C:\xampp\htdocs\ShopCuoi\framework\base\CApplication.php(169): CWebApplication->processRequest()
#2 C:\xampp\htdocs\ShopCuoi\index.php(13): CApplication->run()
#3 {main}
REQUEST_URI=/ShopCuoi/images/left002.png
HTTP_REFERER=http://localhost/ShopCuoi/
---
2014/07/14 22:50:19 [error] [exception.CHttpException.404] exception 'CHttpException' with message 'Không thể giải quyết yêu cầu "images/left002.png".' in C:\xampp\htdocs\ShopCuoi\framework\web\CWebApplication.php:286
Stack trace:
#0 C:\xampp\htdocs\ShopCuoi\framework\web\CWebApplication.php(141): CWebApplication->runController('images/left002....')
#1 C:\xampp\htdocs\ShopCuoi\framework\base\CApplication.php(169): CWebApplication->processRequest()
#2 C:\xampp\htdocs\ShopCuoi\index.php(13): CApplication->run()
#3 {main}
REQUEST_URI=/ShopCuoi/images/left002.png
HTTP_REFERER=http://localhost/ShopCuoi/promote/list/1.html
---
2014/07/14 22:51:21 [error] [exception.CHttpException.404] exception 'CHttpException' with message 'Không thể giải quyết yêu cầu "images/left002.png".' in C:\xampp\htdocs\ShopCuoi\framework\web\CWebApplication.php:286
Stack trace:
#0 C:\xampp\htdocs\ShopCuoi\framework\web\CWebApplication.php(141): CWebApplication->runController('images/left002....')
#1 C:\xampp\htdocs\ShopCuoi\framework\base\CApplication.php(169): CWebApplication->processRequest()
#2 C:\xampp\htdocs\ShopCuoi\index.php(13): CApplication->run()
#3 {main}
REQUEST_URI=/ShopCuoi/images/left002.png
HTTP_REFERER=http://localhost/ShopCuoi/site/index.html
---
2014/07/14 22:51:27 [error] [exception.CHttpException.404] exception 'CHttpException' with message 'Không thể giải quyết yêu cầu "images/left002.png".' in C:\xampp\htdocs\ShopCuoi\framework\web\CWebApplication.php:286
Stack trace:
#0 C:\xampp\htdocs\ShopCuoi\framework\web\CWebApplication.php(141): CWebApplication->runController('images/left002....')
#1 C:\xampp\htdocs\ShopCuoi\framework\base\CApplication.php(169): CWebApplication->processRequest()
#2 C:\xampp\htdocs\ShopCuoi\index.php(13): CApplication->run()
#3 {main}
REQUEST_URI=/ShopCuoi/images/left002.png
HTTP_REFERER=http://localhost/ShopCuoi/product/productDetails/6.html
---
2014/07/14 22:51:40 [error] [exception.CHttpException.404] exception 'CHttpException' with message 'Không thể giải quyết yêu cầu "images/left002.png".' in C:\xampp\htdocs\ShopCuoi\framework\web\CWebApplication.php:286
Stack trace:
#0 C:\xampp\htdocs\ShopCuoi\framework\web\CWebApplication.php(141): CWebApplication->runController('images/left002....')
#1 C:\xampp\htdocs\ShopCuoi\framework\base\CApplication.php(169): CWebApplication->processRequest()
#2 C:\xampp\htdocs\ShopCuoi\index.php(13): CApplication->run()
#3 {main}
REQUEST_URI=/ShopCuoi/images/left002.png
HTTP_REFERER=http://localhost/ShopCuoi/product/productDetails/40.html
---
2014/07/14 22:51:47 [error] [exception.CHttpException.404] exception 'CHttpException' with message 'Không thể giải quyết yêu cầu "images/left002.png".' in C:\xampp\htdocs\ShopCuoi\framework\web\CWebApplication.php:286
Stack trace:
#0 C:\xampp\htdocs\ShopCuoi\framework\web\CWebApplication.php(141): CWebApplication->runController('images/left002....')
#1 C:\xampp\htdocs\ShopCuoi\framework\base\CApplication.php(169): CWebApplication->processRequest()
#2 C:\xampp\htdocs\ShopCuoi\index.php(13): CApplication->run()
#3 {main}
REQUEST_URI=/ShopCuoi/images/left002.png
HTTP_REFERER=http://localhost/ShopCuoi/product/productDetails/56.html
---
2014/07/14 22:51:56 [error] [exception.CHttpException.404] exception 'CHttpException' with message 'Không thể giải quyết yêu cầu "images/left002.png".' in C:\xampp\htdocs\ShopCuoi\framework\web\CWebApplication.php:286
Stack trace:
#0 C:\xampp\htdocs\ShopCuoi\framework\web\CWebApplication.php(141): CWebApplication->runController('images/left002....')
#1 C:\xampp\htdocs\ShopCuoi\framework\base\CApplication.php(169): CWebApplication->processRequest()
#2 C:\xampp\htdocs\ShopCuoi\index.php(13): CApplication->run()
#3 {main}
REQUEST_URI=/ShopCuoi/images/left002.png
HTTP_REFERER=http://localhost/ShopCuoi/product/productDetails/80.html
---
2014/07/14 22:52:03 [error] [exception.CHttpException.404] exception 'CHttpException' with message 'Không thể giải quyết yêu cầu "images/left002.png".' in C:\xampp\htdocs\ShopCuoi\framework\web\CWebApplication.php:286
Stack trace:
#0 C:\xampp\htdocs\ShopCuoi\framework\web\CWebApplication.php(141): CWebApplication->runController('images/left002....')
#1 C:\xampp\htdocs\ShopCuoi\framework\base\CApplication.php(169): CWebApplication->processRequest()
#2 C:\xampp\htdocs\ShopCuoi\index.php(13): CApplication->run()
#3 {main}
REQUEST_URI=/ShopCuoi/images/left002.png
HTTP_REFERER=http://localhost/ShopCuoi/product/productDetails/20.html
---
2014/07/14 22:52:13 [error] [exception.CHttpException.404] exception 'CHttpException' with message 'Không thể giải quyết yêu cầu "images/left002.png".' in C:\xampp\htdocs\ShopCuoi\framework\web\CWebApplication.php:286
Stack trace:
#0 C:\xampp\htdocs\ShopCuoi\framework\web\CWebApplication.php(141): CWebApplication->runController('images/left002....')
#1 C:\xampp\htdocs\ShopCuoi\framework\base\CApplication.php(169): CWebApplication->processRequest()
#2 C:\xampp\htdocs\ShopCuoi\index.php(13): CApplication->run()
#3 {main}
REQUEST_URI=/ShopCuoi/images/left002.png
HTTP_REFERER=http://localhost/ShopCuoi/product/productDetails/18.html
---
2014/07/14 22:57:49 [error] [exception.CHttpException.404] exception 'CHttpException' with message 'Không thể giải quyết yêu cầu "images/left002.png".' in C:\xampp\htdocs\ShopCuoi\framework\web\CWebApplication.php:286
Stack trace:
#0 C:\xampp\htdocs\ShopCuoi\framework\web\CWebApplication.php(141): CWebApplication->runController('images/left002....')
#1 C:\xampp\htdocs\ShopCuoi\framework\base\CApplication.php(169): CWebApplication->processRequest()
#2 C:\xampp\htdocs\ShopCuoi\index.php(13): CApplication->run()
#3 {main}
REQUEST_URI=/ShopCuoi/images/left002.png
HTTP_REFERER=http://localhost/ShopCuoi/product/productDetails/18.html
---
2014/07/14 22:58:28 [error] [exception.CHttpException.404] exception 'CHttpException' with message 'Không thể giải quyết yêu cầu "images/left002.png".' in C:\xampp\htdocs\ShopCuoi\framework\web\CWebApplication.php:286
Stack trace:
#0 C:\xampp\htdocs\ShopCuoi\framework\web\CWebApplication.php(141): CWebApplication->runController('images/left002....')
#1 C:\xampp\htdocs\ShopCuoi\framework\base\CApplication.php(169): CWebApplication->processRequest()
#2 C:\xampp\htdocs\ShopCuoi\index.php(13): CApplication->run()
#3 {main}
REQUEST_URI=/ShopCuoi/images/left002.png
HTTP_REFERER=http://localhost/ShopCuoi/promote/list/2.html
---
2014/07/14 22:58:36 [error] [exception.CHttpException.404] exception 'CHttpException' with message 'Không thể giải quyết yêu cầu "images/left002.png".' in C:\xampp\htdocs\ShopCuoi\framework\web\CWebApplication.php:286
Stack trace:
#0 C:\xampp\htdocs\ShopCuoi\framework\web\CWebApplication.php(141): CWebApplication->runController('images/left002....')
#1 C:\xampp\htdocs\ShopCuoi\framework\base\CApplication.php(169): CWebApplication->processRequest()
#2 C:\xampp\htdocs\ShopCuoi\index.php(13): CApplication->run()
#3 {main}
REQUEST_URI=/ShopCuoi/images/left002.png
HTTP_REFERER=http://localhost/ShopCuoi/site/index.html
---
2014/07/14 23:03:29 [error] [exception.CHttpException.404] exception 'CHttpException' with message 'Không thể giải quyết yêu cầu "images/left002.png".' in C:\xampp\htdocs\ShopCuoi\framework\web\CWebApplication.php:286
Stack trace:
#0 C:\xampp\htdocs\ShopCuoi\framework\web\CWebApplication.php(141): CWebApplication->runController('images/left002....')
#1 C:\xampp\htdocs\ShopCuoi\framework\base\CApplication.php(169): CWebApplication->processRequest()
#2 C:\xampp\htdocs\ShopCuoi\index.php(13): CApplication->run()
#3 {main}
REQUEST_URI=/ShopCuoi/images/left002.png
HTTP_REFERER=http://localhost/ShopCuoi/site/index.html
---
2014/07/14 23:03:33 [error] [exception.CHttpException.404] exception 'CHttpException' with message 'Không thể giải quyết yêu cầu "images/left002.png".' in C:\xampp\htdocs\ShopCuoi\framework\web\CWebApplication.php:286
Stack trace:
#0 C:\xampp\htdocs\ShopCuoi\framework\web\CWebApplication.php(141): CWebApplication->runController('images/left002....')
#1 C:\xampp\htdocs\ShopCuoi\framework\base\CApplication.php(169): CWebApplication->processRequest()
#2 C:\xampp\htdocs\ShopCuoi\index.php(13): CApplication->run()
#3 {main}
REQUEST_URI=/ShopCuoi/images/left002.png
HTTP_REFERER=http://localhost/ShopCuoi/site/index.html
---
2014/07/14 23:06:43 [error] [exception.CHttpException.404] exception 'CHttpException' with message 'Không thể giải quyết yêu cầu "images/left002.png".' in C:\xampp\htdocs\ShopCuoi\framework\web\CWebApplication.php:286
Stack trace:
#0 C:\xampp\htdocs\ShopCuoi\framework\web\CWebApplication.php(141): CWebApplication->runController('images/left002....')
#1 C:\xampp\htdocs\ShopCuoi\framework\base\CApplication.php(169): CWebApplication->processRequest()
#2 C:\xampp\htdocs\ShopCuoi\index.php(13): CApplication->run()
#3 {main}
REQUEST_URI=/ShopCuoi/images/left002.png
HTTP_REFERER=http://localhost/ShopCuoi/site/index.html
---
2014/07/14 23:36:46 [error] [exception.CHttpException.404] exception 'CHttpException' with message 'Không thể giải quyết yêu cầu "images/left002.png".' in C:\xampp\htdocs\ShopCuoi\framework\web\CWebApplication.php:286
Stack trace:
#0 C:\xampp\htdocs\ShopCuoi\framework\web\CWebApplication.php(141): CWebApplication->runController('images/left002....')
#1 C:\xampp\htdocs\ShopCuoi\framework\base\CApplication.php(169): CWebApplication->processRequest()
#2 C:\xampp\htdocs\ShopCuoi\index.php(13): CApplication->run()
#3 {main}
REQUEST_URI=/ShopCuoi/images/left002.png
HTTP_REFERER=http://localhost/ShopCuoi/site/index.html
---
2014/07/14 23:55:01 [error] [exception.CHttpException.404] exception 'CHttpException' with message 'Không thể giải quyết yêu cầu "images/left002.png".' in C:\xampp\htdocs\ShopCuoi\framework\web\CWebApplication.php:286
Stack trace:
#0 C:\xampp\htdocs\ShopCuoi\framework\web\CWebApplication.php(141): CWebApplication->runController('images/left002....')
#1 C:\xampp\htdocs\ShopCuoi\framework\base\CApplication.php(169): CWebApplication->processRequest()
#2 C:\xampp\htdocs\ShopCuoi\index.php(13): CApplication->run()
#3 {main}
REQUEST_URI=/ShopCuoi/images/left002.png
HTTP_REFERER=http://localhost/ShopCuoi/site/index.html
---
2014/07/15 00:07:34 [error] [exception.CHttpException.400] exception 'CHttpException' with message 'Không thể xác thực CSRF token.' in C:\xampp\htdocs\ShopCuoi\framework\web\CHttpRequest.php:1044
Stack trace:
#0 C:\xampp\htdocs\ShopCuoi\framework\base\CComponent.php(558): CHttpRequest->validateCsrfToken(Object(CEvent))
#1 C:\xampp\htdocs\ShopCuoi\framework\base\CApplication.php(196): CComponent->raiseEvent('onBeginRequest', Object(CEvent))
#2 C:\xampp\htdocs\ShopCuoi\framework\base\CApplication.php(167): CApplication->onBeginRequest(Object(CEvent))
#3 C:\xampp\htdocs\ShopCuoi\index.php(13): CApplication->run()
#4 {main}
REQUEST_URI=/ShopCuoi/infopage/upload.html
HTTP_REFERER=http://localhost/ShopCuoi/infopage/upload.html
---
2014/07/15 00:07:34 [error] [exception.CHttpException.404] exception 'CHttpException' with message 'Không thể giải quyết yêu cầu "images/left002.png".' in C:\xampp\htdocs\ShopCuoi\framework\web\CWebApplication.php:286
Stack trace:
#0 C:\xampp\htdocs\ShopCuoi\framework\web\CWebApplication.php(141): CWebApplication->runController('images/left002....')
#1 C:\xampp\htdocs\ShopCuoi\framework\base\CApplication.php(169): CWebApplication->processRequest()
#2 C:\xampp\htdocs\ShopCuoi\index.php(13): CApplication->run()
#3 {main}
REQUEST_URI=/ShopCuoi/images/left002.png
HTTP_REFERER=http://localhost/ShopCuoi/infopage/upload.html
---
2014/07/15 00:22:24 [error] [exception.CHttpException.404] exception 'CHttpException' with message 'Không thể giải quyết yêu cầu "images/left002.png".' in C:\xampp\htdocs\ShopCuoi\framework\web\CWebApplication.php:286
Stack trace:
#0 C:\xampp\htdocs\ShopCuoi\framework\web\CWebApplication.php(141): CWebApplication->runController('images/left002....')
#1 C:\xampp\htdocs\ShopCuoi\framework\base\CApplication.php(169): CWebApplication->processRequest()
#2 C:\xampp\htdocs\ShopCuoi\index.php(13): CApplication->run()
#3 {main}
REQUEST_URI=/ShopCuoi/images/left002.png
HTTP_REFERER=http://localhost/ShopCuoi/
---
2014/07/15 01:22:49 [error] [exception.CHttpException.404] exception 'CHttpException' with message 'Không thể giải quyết yêu cầu "images/left002.png".' in C:\xampp\htdocs\ShopCuoi\framework\web\CWebApplication.php:286
Stack trace:
#0 C:\xampp\htdocs\ShopCuoi\framework\web\CWebApplication.php(141): CWebApplication->runController('images/left002....')
#1 C:\xampp\htdocs\ShopCuoi\framework\base\CApplication.php(169): CWebApplication->processRequest()
#2 C:\xampp\htdocs\ShopCuoi\index.php(13): CApplication->run()
#3 {main}
REQUEST_URI=/ShopCuoi/images/left002.png
HTTP_REFERER=http://localhost/ShopCuoi/site/index.html
---
2014/07/15 01:23:59 [error] [exception.CHttpException.404] exception 'CHttpException' with message 'Không thể giải quyết yêu cầu "images/left002.png".' in C:\xampp\htdocs\ShopCuoi\framework\web\CWebApplication.php:286
Stack trace:
#0 C:\xampp\htdocs\ShopCuoi\framework\web\CWebApplication.php(141): CWebApplication->runController('images/left002....')
#1 C:\xampp\htdocs\ShopCuoi\framework\base\CApplication.php(169): CWebApplication->processRequest()
#2 C:\xampp\htdocs\ShopCuoi\index.php(13): CApplication->run()
#3 {main}
REQUEST_URI=/ShopCuoi/images/left002.png
HTTP_REFERER=http://localhost/ShopCuoi/site/index.html
---
2014/07/15 01:26:29 [error] [exception.CHttpException.404] exception 'CHttpException' with message 'Không thể giải quyết yêu cầu "images/left002.png".' in C:\xampp\htdocs\ShopCuoi\framework\web\CWebApplication.php:286
Stack trace:
#0 C:\xampp\htdocs\ShopCuoi\framework\web\CWebApplication.php(141): CWebApplication->runController('images/left002....')
#1 C:\xampp\htdocs\ShopCuoi\framework\base\CApplication.php(169): CWebApplication->processRequest()
#2 C:\xampp\htdocs\ShopCuoi\index.php(13): CApplication->run()
#3 {main}
REQUEST_URI=/ShopCuoi/images/left002.png
HTTP_REFERER=http://localhost/ShopCuoi/site/index.html
---
2014/07/15 19:36:23 [error] [exception.CHttpException.404] exception 'CHttpException' with message 'Không thể giải quyết yêu cầu "assets/834f436c/contents.css".' in C:\xampp\htdocs\ShopCuoi\framework\web\CWebApplication.php:286
Stack trace:
#0 C:\xampp\htdocs\ShopCuoi\framework\web\CWebApplication.php(141): CWebApplication->runController('assets/834f436c...')
#1 C:\xampp\htdocs\ShopCuoi\framework\base\CApplication.php(169): CWebApplication->processRequest()
#2 C:\xampp\htdocs\ShopCuoi\index.php(13): CApplication->run()
#3 {main}
REQUEST_URI=/ShopCuoi/assets/834f436c/contents.css
---
2014/07/15 21:55:18 [error] [exception.CHttpException.404] exception 'CHttpException' with message 'Không thể giải quyết yêu cầu "assets/834f436c/contents.css".' in C:\xampp\htdocs\ShopCuoi\framework\web\CWebApplication.php:286
Stack trace:
#0 C:\xampp\htdocs\ShopCuoi\framework\web\CWebApplication.php(141): CWebApplication->runController('assets/834f436c...')
#1 C:\xampp\htdocs\ShopCuoi\framework\base\CApplication.php(169): CWebApplication->processRequest()
#2 C:\xampp\htdocs\ShopCuoi\index.php(13): CApplication->run()
#3 {main}
REQUEST_URI=/ShopCuoi/assets/834f436c/contents.css
---
2014/07/15 21:55:26 [error] [exception.CHttpException.404] exception 'CHttpException' with message 'Không thể giải quyết yêu cầu "assets/834f436c/contents.css".' in C:\xampp\htdocs\ShopCuoi\framework\web\CWebApplication.php:286
Stack trace:
#0 C:\xampp\htdocs\ShopCuoi\framework\web\CWebApplication.php(141): CWebApplication->runController('assets/834f436c...')
#1 C:\xampp\htdocs\ShopCuoi\framework\base\CApplication.php(169): CWebApplication->processRequest()
#2 C:\xampp\htdocs\ShopCuoi\index.php(13): CApplication->run()
#3 {main}
REQUEST_URI=/ShopCuoi/assets/834f436c/contents.css
---
2014/07/15 21:55:38 [error] [exception.CHttpException.404] exception 'CHttpException' with message 'Không thể giải quyết yêu cầu "assets/834f436c/contents.css".' in C:\xampp\htdocs\ShopCuoi\framework\web\CWebApplication.php:286
Stack trace:
#0 C:\xampp\htdocs\ShopCuoi\framework\web\CWebApplication.php(141): CWebApplication->runController('assets/834f436c...')
#1 C:\xampp\htdocs\ShopCuoi\framework\base\CApplication.php(169): CWebApplication->processRequest()
#2 C:\xampp\htdocs\ShopCuoi\index.php(13): CApplication->run()
#3 {main}
REQUEST_URI=/ShopCuoi/assets/834f436c/contents.css
---
2014/07/15 21:55:47 [error] [exception.CHttpException.404] exception 'CHttpException' with message 'Không thể giải quyết yêu cầu "assets/834f436c/contents.css".' in C:\xampp\htdocs\ShopCuoi\framework\web\CWebApplication.php:286
Stack trace:
#0 C:\xampp\htdocs\ShopCuoi\framework\web\CWebApplication.php(141): CWebApplication->runController('assets/834f436c...')
#1 C:\xampp\htdocs\ShopCuoi\framework\base\CApplication.php(169): CWebApplication->processRequest()
#2 C:\xampp\htdocs\ShopCuoi\index.php(13): CApplication->run()
#3 {main}
REQUEST_URI=/ShopCuoi/assets/834f436c/contents.css
---
2014/07/17 19:16:58 [error] [exception.CHttpException.404] exception 'CHttpException' with message 'Không thể giải quyết yêu cầu "images/left002.png".' in C:\xampp\htdocs\ShopCuoi\framework\web\CWebApplication.php:286
Stack trace:
#0 C:\xampp\htdocs\ShopCuoi\framework\web\CWebApplication.php(141): CWebApplication->runController('images/left002....')
#1 C:\xampp\htdocs\ShopCuoi\framework\base\CApplication.php(169): CWebApplication->processRequest()
#2 C:\xampp\htdocs\ShopCuoi\index.php(13): CApplication->run()
#3 {main}
REQUEST_URI=/ShopCuoi/images/left002.png
HTTP_REFERER=http://localhost/ShopCuoi/
---
2014/07/17 19:23:41 [error] [exception.CHttpException.404] exception 'CHttpException' with message 'Không thể giải quyết yêu cầu "images/left002.png".' in C:\xampp\htdocs\ShopCuoi\framework\web\CWebApplication.php:286
Stack trace:
#0 C:\xampp\htdocs\ShopCuoi\framework\web\CWebApplication.php(141): CWebApplication->runController('images/left002....')
#1 C:\xampp\htdocs\ShopCuoi\framework\base\CApplication.php(169): CWebApplication->processRequest()
#2 C:\xampp\htdocs\ShopCuoi\index.php(13): CApplication->run()
#3 {main}
REQUEST_URI=/ShopCuoi/images/left002.png
HTTP_REFERER=http://localhost/ShopCuoi/
---
2014/07/17 19:30:42 [error] [exception.CHttpException.404] exception 'CHttpException' with message 'Không thể giải quyết yêu cầu "images/left002.png".' in C:\xampp\htdocs\ShopCuoi\framework\web\CWebApplication.php:286
Stack trace:
#0 C:\xampp\htdocs\ShopCuoi\framework\web\CWebApplication.php(141): CWebApplication->runController('images/left002....')
#1 C:\xampp\htdocs\ShopCuoi\framework\base\CApplication.php(169): CWebApplication->processRequest()
#2 C:\xampp\htdocs\ShopCuoi\index.php(13): CApplication->run()
#3 {main}
REQUEST_URI=/ShopCuoi/images/left002.png
HTTP_REFERER=http://localhost/ShopCuoi/
---
2014/07/17 19:31:10 [error] [exception.CHttpException.404] exception 'CHttpException' with message 'Không thể giải quyết yêu cầu "images/left002.png".' in C:\xampp\htdocs\ShopCuoi\framework\web\CWebApplication.php:286
Stack trace:
#0 C:\xampp\htdocs\ShopCuoi\framework\web\CWebApplication.php(141): CWebApplication->runController('images/left002....')
#1 C:\xampp\htdocs\ShopCuoi\framework\base\CApplication.php(169): CWebApplication->processRequest()
#2 C:\xampp\htdocs\ShopCuoi\index.php(13): CApplication->run()
#3 {main}
REQUEST_URI=/ShopCuoi/images/left002.png
HTTP_REFERER=http://localhost/ShopCuoi/promote/list/1.html
---
2014/07/17 19:31:31 [error] [exception.CHttpException.404] exception 'CHttpException' with message 'Không thể giải quyết yêu cầu "images/left002.png".' in C:\xampp\htdocs\ShopCuoi\framework\web\CWebApplication.php:286
Stack trace:
#0 C:\xampp\htdocs\ShopCuoi\framework\web\CWebApplication.php(141): CWebApplication->runController('images/left002....')
#1 C:\xampp\htdocs\ShopCuoi\framework\base\CApplication.php(169): CWebApplication->processRequest()
#2 C:\xampp\htdocs\ShopCuoi\index.php(13): CApplication->run()
#3 {main}
REQUEST_URI=/ShopCuoi/images/left002.png
HTTP_REFERER=http://localhost/ShopCuoi/
---
2014/07/17 19:49:20 [error] [exception.CHttpException.404] exception 'CHttpException' with message 'Không thể giải quyết yêu cầu "images/left002.png".' in C:\xampp\htdocs\ShopCuoi\framework\web\CWebApplication.php:286
Stack trace:
#0 C:\xampp\htdocs\ShopCuoi\framework\web\CWebApplication.php(141): CWebApplication->runController('images/left002....')
#1 C:\xampp\htdocs\ShopCuoi\framework\base\CApplication.php(169): CWebApplication->processRequest()
#2 C:\xampp\htdocs\ShopCuoi\index.php(13): CApplication->run()
#3 {main}
REQUEST_URI=/ShopCuoi/images/left002.png
HTTP_REFERER=http://localhost/ShopCuoi/
---
2014/07/17 19:52:00 [error] [exception.CHttpException.404] exception 'CHttpException' with message 'Không thể giải quyết yêu cầu "images/left002.png".' in C:\xampp\htdocs\ShopCuoi\framework\web\CWebApplication.php:286
Stack trace:
#0 C:\xampp\htdocs\ShopCuoi\framework\web\CWebApplication.php(141): CWebApplication->runController('images/left002....')
#1 C:\xampp\htdocs\ShopCuoi\framework\base\CApplication.php(169): CWebApplication->processRequest()
#2 C:\xampp\htdocs\ShopCuoi\index.php(13): CApplication->run()
#3 {main}
REQUEST_URI=/ShopCuoi/images/left002.png
HTTP_REFERER=http://localhost/ShopCuoi/
---
2014/07/17 19:52:37 [error] [exception.CHttpException.404] exception 'CHttpException' with message 'Không thể giải quyết yêu cầu "images/left002.png".' in C:\xampp\htdocs\ShopCuoi\framework\web\CWebApplication.php:286
Stack trace:
#0 C:\xampp\htdocs\ShopCuoi\framework\web\CWebApplication.php(141): CWebApplication->runController('images/left002....')
#1 C:\xampp\htdocs\ShopCuoi\framework\base\CApplication.php(169): CWebApplication->processRequest()
#2 C:\xampp\htdocs\ShopCuoi\index.php(13): CApplication->run()
#3 {main}
REQUEST_URI=/ShopCuoi/images/left002.png
HTTP_REFERER=http://localhost/ShopCuoi/
---
2014/07/17 19:54:08 [error] [exception.CHttpException.404] exception 'CHttpException' with message 'Không thể giải quyết yêu cầu "images/left002.png".' in C:\xampp\htdocs\ShopCuoi\framework\web\CWebApplication.php:286
Stack trace:
#0 C:\xampp\htdocs\ShopCuoi\framework\web\CWebApplication.php(141): CWebApplication->runController('images/left002....')
#1 C:\xampp\htdocs\ShopCuoi\framework\base\CApplication.php(169): CWebApplication->processRequest()
#2 C:\xampp\htdocs\ShopCuoi\index.php(13): CApplication->run()
#3 {main}
REQUEST_URI=/ShopCuoi/images/left002.png
HTTP_REFERER=http://localhost/ShopCuoi/
---
2014/07/17 19:55:26 [error] [exception.CHttpException.404] exception 'CHttpException' with message 'Không thể giải quyết yêu cầu "images/left002.png".' in C:\xampp\htdocs\ShopCuoi\framework\web\CWebApplication.php:286
Stack trace:
#0 C:\xampp\htdocs\ShopCuoi\framework\web\CWebApplication.php(141): CWebApplication->runController('images/left002....')
#1 C:\xampp\htdocs\ShopCuoi\framework\base\CApplication.php(169): CWebApplication->processRequest()
#2 C:\xampp\htdocs\ShopCuoi\index.php(13): CApplication->run()
#3 {main}
REQUEST_URI=/ShopCuoi/images/left002.png
HTTP_REFERER=http://localhost/ShopCuoi/
---
2014/07/17 19:59:07 [error] [exception.CHttpException.404] exception 'CHttpException' with message 'Không thể giải quyết yêu cầu "images/left002.png".' in C:\xampp\htdocs\ShopCuoi\framework\web\CWebApplication.php:286
Stack trace:
#0 C:\xampp\htdocs\ShopCuoi\framework\web\CWebApplication.php(141): CWebApplication->runController('images/left002....')
#1 C:\xampp\htdocs\ShopCuoi\framework\base\CApplication.php(169): CWebApplication->processRequest()
#2 C:\xampp\htdocs\ShopCuoi\index.php(13): CApplication->run()
#3 {main}
REQUEST_URI=/ShopCuoi/images/left002.png
HTTP_REFERER=http://localhost/ShopCuoi/
---
2014/07/17 20:00:01 [error] [exception.CHttpException.404] exception 'CHttpException' with message 'Không thể giải quyết yêu cầu "images/left002.png".' in C:\xampp\htdocs\ShopCuoi\framework\web\CWebApplication.php:286
Stack trace:
#0 C:\xampp\htdocs\ShopCuoi\framework\web\CWebApplication.php(141): CWebApplication->runController('images/left002....')
#1 C:\xampp\htdocs\ShopCuoi\framework\base\CApplication.php(169): CWebApplication->processRequest()
#2 C:\xampp\htdocs\ShopCuoi\index.php(13): CApplication->run()
#3 {main}
REQUEST_URI=/ShopCuoi/images/left002.png
HTTP_REFERER=http://localhost/ShopCuoi/
---
2014/07/17 20:00:36 [error] [exception.CHttpException.404] exception 'CHttpException' with message 'Không thể giải quyết yêu cầu "images/left002.png".' in C:\xampp\htdocs\ShopCuoi\framework\web\CWebApplication.php:286
Stack trace:
#0 C:\xampp\htdocs\ShopCuoi\framework\web\CWebApplication.php(141): CWebApplication->runController('images/left002....')
#1 C:\xampp\htdocs\ShopCuoi\framework\base\CApplication.php(169): CWebApplication->processRequest()
#2 C:\xampp\htdocs\ShopCuoi\index.php(13): CApplication->run()
#3 {main}
REQUEST_URI=/ShopCuoi/images/left002.png
HTTP_REFERER=http://localhost/ShopCuoi/
---
2014/07/17 20:01:55 [error] [exception.CHttpException.404] exception 'CHttpException' with message 'Không thể giải quyết yêu cầu "images/left002.png".' in C:\xampp\htdocs\ShopCuoi\framework\web\CWebApplication.php:286
Stack trace:
#0 C:\xampp\htdocs\ShopCuoi\framework\web\CWebApplication.php(141): CWebApplication->runController('images/left002....')
#1 C:\xampp\htdocs\ShopCuoi\framework\base\CApplication.php(169): CWebApplication->processRequest()
#2 C:\xampp\htdocs\ShopCuoi\index.php(13): CApplication->run()
#3 {main}
REQUEST_URI=/ShopCuoi/images/left002.png
HTTP_REFERER=http://localhost/ShopCuoi/
---
2014/07/17 20:03:18 [error] [exception.CHttpException.404] exception 'CHttpException' with message 'Không thể giải quyết yêu cầu "images/left002.png".' in C:\xampp\htdocs\ShopCuoi\framework\web\CWebApplication.php:286
Stack trace:
#0 C:\xampp\htdocs\ShopCuoi\framework\web\CWebApplication.php(141): CWebApplication->runController('images/left002....')
#1 C:\xampp\htdocs\ShopCuoi\framework\base\CApplication.php(169): CWebApplication->processRequest()
#2 C:\xampp\htdocs\ShopCuoi\index.php(13): CApplication->run()
#3 {main}
REQUEST_URI=/ShopCuoi/images/left002.png
HTTP_REFERER=http://localhost/ShopCuoi/
---
2014/07/17 20:03:52 [error] [exception.CHttpException.404] exception 'CHttpException' with message 'Không thể giải quyết yêu cầu "images/left002.png".' in C:\xampp\htdocs\ShopCuoi\framework\web\CWebApplication.php:286
Stack trace:
#0 C:\xampp\htdocs\ShopCuoi\framework\web\CWebApplication.php(141): CWebApplication->runController('images/left002....')
#1 C:\xampp\htdocs\ShopCuoi\framework\base\CApplication.php(169): CWebApplication->processRequest()
#2 C:\xampp\htdocs\ShopCuoi\index.php(13): CApplication->run()
#3 {main}
REQUEST_URI=/ShopCuoi/images/left002.png
HTTP_REFERER=http://localhost/ShopCuoi/
---
2014/07/17 20:05:19 [error] [exception.CHttpException.404] exception 'CHttpException' with message 'Không thể giải quyết yêu cầu "images/left002.png".' in C:\xampp\htdocs\ShopCuoi\framework\web\CWebApplication.php:286
Stack trace:
#0 C:\xampp\htdocs\ShopCuoi\framework\web\CWebApplication.php(141): CWebApplication->runController('images/left002....')
#1 C:\xampp\htdocs\ShopCuoi\framework\base\CApplication.php(169): CWebApplication->processRequest()
#2 C:\xampp\htdocs\ShopCuoi\index.php(13): CApplication->run()
#3 {main}
REQUEST_URI=/ShopCuoi/images/left002.png
HTTP_REFERER=http://localhost/ShopCuoi/
---
2014/07/17 20:06:05 [error] [exception.CHttpException.404] exception 'CHttpException' with message 'Không thể giải quyết yêu cầu "images/left002.png".' in C:\xampp\htdocs\ShopCuoi\framework\web\CWebApplication.php:286
Stack trace:
#0 C:\xampp\htdocs\ShopCuoi\framework\web\CWebApplication.php(141): CWebApplication->runController('images/left002....')
#1 C:\xampp\htdocs\ShopCuoi\framework\base\CApplication.php(169): CWebApplication->processRequest()
#2 C:\xampp\htdocs\ShopCuoi\index.php(13): CApplication->run()
#3 {main}
REQUEST_URI=/ShopCuoi/images/left002.png
HTTP_REFERER=http://localhost/ShopCuoi/
---
2014/07/17 20:06:40 [error] [exception.CHttpException.404] exception 'CHttpException' with message 'Không thể giải quyết yêu cầu "images/left002.png".' in C:\xampp\htdocs\ShopCuoi\framework\web\CWebApplication.php:286
Stack trace:
#0 C:\xampp\htdocs\ShopCuoi\framework\web\CWebApplication.php(141): CWebApplication->runController('images/left002....')
#1 C:\xampp\htdocs\ShopCuoi\framework\base\CApplication.php(169): CWebApplication->processRequest()
#2 C:\xampp\htdocs\ShopCuoi\index.php(13): CApplication->run()
#3 {main}
REQUEST_URI=/ShopCuoi/images/left002.png
HTTP_REFERER=http://localhost/ShopCuoi/
---
2014/07/17 20:16:04 [error] [exception.CHttpException.404] exception 'CHttpException' with message 'Không thể giải quyết yêu cầu "images/left002.png".' in C:\xampp\htdocs\ShopCuoi\framework\web\CWebApplication.php:286
Stack trace:
#0 C:\xampp\htdocs\ShopCuoi\framework\web\CWebApplication.php(141): CWebApplication->runController('images/left002....')
#1 C:\xampp\htdocs\ShopCuoi\framework\base\CApplication.php(169): CWebApplication->processRequest()
#2 C:\xampp\htdocs\ShopCuoi\index.php(13): CApplication->run()
#3 {main}
REQUEST_URI=/ShopCuoi/images/left002.png
HTTP_REFERER=http://localhost/ShopCuoi/
---
2014/07/17 20:21:00 [error] [exception.CHttpException.404] exception 'CHttpException' with message 'Không thể giải quyết yêu cầu "images/left002.png".' in C:\xampp\htdocs\ShopCuoi\framework\web\CWebApplication.php:286
Stack trace:
#0 C:\xampp\htdocs\ShopCuoi\framework\web\CWebApplication.php(141): CWebApplication->runController('images/left002....')
#1 C:\xampp\htdocs\ShopCuoi\framework\base\CApplication.php(169): CWebApplication->processRequest()
#2 C:\xampp\htdocs\ShopCuoi\index.php(13): CApplication->run()
#3 {main}
REQUEST_URI=/ShopCuoi/images/left002.png
HTTP_REFERER=http://localhost/ShopCuoi/
---
2014/07/17 20:22:49 [error] [exception.CHttpException.404] exception 'CHttpException' with message 'Không thể giải quyết yêu cầu "images/left002.png".' in C:\xampp\htdocs\ShopCuoi\framework\web\CWebApplication.php:286
Stack trace:
#0 C:\xampp\htdocs\ShopCuoi\framework\web\CWebApplication.php(141): CWebApplication->runController('images/left002....')
#1 C:\xampp\htdocs\ShopCuoi\framework\base\CApplication.php(169): CWebApplication->processRequest()
#2 C:\xampp\htdocs\ShopCuoi\index.php(13): CApplication->run()
#3 {main}
REQUEST_URI=/ShopCuoi/images/left002.png
HTTP_REFERER=http://localhost/ShopCuoi/
---
2014/07/17 20:24:31 [error] [exception.CHttpException.404] exception 'CHttpException' with message 'Không thể giải quyết yêu cầu "images/left002.png".' in C:\xampp\htdocs\ShopCuoi\framework\web\CWebApplication.php:286
Stack trace:
#0 C:\xampp\htdocs\ShopCuoi\framework\web\CWebApplication.php(141): CWebApplication->runController('images/left002....')
#1 C:\xampp\htdocs\ShopCuoi\framework\base\CApplication.php(169): CWebApplication->processRequest()
#2 C:\xampp\htdocs\ShopCuoi\index.php(13): CApplication->run()
#3 {main}
REQUEST_URI=/ShopCuoi/images/left002.png
HTTP_REFERER=http://localhost/ShopCuoi/product/productDetails/57.html
---
2014/07/17 20:24:40 [error] [exception.CHttpException.404] exception 'CHttpException' with message 'Không thể giải quyết yêu cầu "images/left002.png".' in C:\xampp\htdocs\ShopCuoi\framework\web\CWebApplication.php:286
Stack trace:
#0 C:\xampp\htdocs\ShopCuoi\framework\web\CWebApplication.php(141): CWebApplication->runController('images/left002....')
#1 C:\xampp\htdocs\ShopCuoi\framework\base\CApplication.php(169): CWebApplication->processRequest()
#2 C:\xampp\htdocs\ShopCuoi\index.php(13): CApplication->run()
#3 {main}
REQUEST_URI=/ShopCuoi/images/left002.png
HTTP_REFERER=http://localhost/ShopCuoi/
---
2014/07/18 11:23:37 [error] [exception.CHttpException.404] exception 'CHttpException' with message 'Không thể giải quyết yêu cầu "images/left002.png".' in C:\xampp\htdocs\ShopCuoi\framework\web\CWebApplication.php:286
Stack trace:
#0 C:\xampp\htdocs\ShopCuoi\framework\web\CWebApplication.php(141): CWebApplication->runController('images/left002....')
#1 C:\xampp\htdocs\ShopCuoi\framework\base\CApplication.php(169): CWebApplication->processRequest()
#2 C:\xampp\htdocs\ShopCuoi\index.php(13): CApplication->run()
#3 {main}
REQUEST_URI=/ShopCuoi/images/left002.png
HTTP_REFERER=http://localhost/ShopCuoi/
---
2014/10/26 19:36:48 [error] [exception.CHttpException.404] exception 'CHttpException' with message 'Không thể giải quyết yêu cầu "images/left002.png".' in C:\xampp\htdocs\ShopCuoi\framework\web\CWebApplication.php:286
Stack trace:
#0 C:\xampp\htdocs\ShopCuoi\framework\web\CWebApplication.php(141): CWebApplication->runController('images/left002....')
#1 C:\xampp\htdocs\ShopCuoi\framework\base\CApplication.php(169): CWebApplication->processRequest()
#2 C:\xampp\htdocs\ShopCuoi\index.php(13): CApplication->run()
#3 {main}
REQUEST_URI=/ShopCuoi/images/left002.png
HTTP_REFERER=http://localhost/ShopCuoi/css/style.css
---
2014/10/26 19:37:18 [error] [exception.CHttpException.404] exception 'CHttpException' with message 'Không thể giải quyết yêu cầu "images/Products/1-1377862490.jpg".' in C:\xampp\htdocs\ShopCuoi\framework\web\CWebApplication.php:286
Stack trace:
#0 C:\xampp\htdocs\ShopCuoi\framework\web\CWebApplication.php(141): CWebApplication->runController('images/Products...')
#1 C:\xampp\htdocs\ShopCuoi\framework\base\CApplication.php(169): CWebApplication->processRequest()
#2 C:\xampp\htdocs\ShopCuoi\index.php(13): CApplication->run()
#3 {main}
REQUEST_URI=/ShopCuoi/images/Products/1-1377862490.jpg
HTTP_REFERER=http://localhost/ShopCuoi/product/list.html?status=H%C3%A0ng+Xu%C3%A2n+H%C3%A8&gender=0&type=Qu%E1%BA%A7n
---
2014/10/26 19:37:18 [error] [exception.CHttpException.404] exception 'CHttpException' with message 'Không thể giải quyết yêu cầu "images/left002.png".' in C:\xampp\htdocs\ShopCuoi\framework\web\CWebApplication.php:286
Stack trace:
#0 C:\xampp\htdocs\ShopCuoi\framework\web\CWebApplication.php(141): CWebApplication->runController('images/left002....')
#1 C:\xampp\htdocs\ShopCuoi\framework\base\CApplication.php(169): CWebApplication->processRequest()
#2 C:\xampp\htdocs\ShopCuoi\index.php(13): CApplication->run()
#3 {main}
REQUEST_URI=/ShopCuoi/images/left002.png
HTTP_REFERER=http://localhost/ShopCuoi/css/style.css
---
2014/10/26 19:41:21 [error] [exception.CHttpException.404] exception 'CHttpException' with message 'Không thể giải quyết yêu cầu "images/left002.png".' in C:\xampp\htdocs\ShopCuoi\framework\web\CWebApplication.php:286
Stack trace:
#0 C:\xampp\htdocs\ShopCuoi\framework\web\CWebApplication.php(141): CWebApplication->runController('images/left002....')
#1 C:\xampp\htdocs\ShopCuoi\framework\base\CApplication.php(169): CWebApplication->processRequest()
#2 C:\xampp\htdocs\ShopCuoi\index.php(13): CApplication->run()
#3 {main}
REQUEST_URI=/ShopCuoi/images/left002.png
HTTP_REFERER=http://localhost/ShopCuoi/css/style.css
---
2014/10/26 19:47:46 [error] [exception.CHttpException.404] exception 'CHttpException' with message 'Không thể giải quyết yêu cầu "assets/834f436c/contents.css".' in C:\xampp\htdocs\ShopCuoi\framework\web\CWebApplication.php:286
Stack trace:
#0 C:\xampp\htdocs\ShopCuoi\framework\web\CWebApplication.php(141): CWebApplication->runController('assets/834f436c...')
#1 C:\xampp\htdocs\ShopCuoi\framework\base\CApplication.php(169): CWebApplication->processRequest()
#2 C:\xampp\htdocs\ShopCuoi\index.php(13): CApplication->run()
#3 {main}
REQUEST_URI=/ShopCuoi/assets/834f436c/contents.css
---
2014/10/26 20:31:03 [error] [exception.CHttpException.404] exception 'CHttpException' with message 'Không thể giải quyết yêu cầu "assets/834f436c/contents.css".' in C:\xampp\htdocs\ShopCuoi\framework\web\CWebApplication.php:286
Stack trace:
#0 C:\xampp\htdocs\ShopCuoi\framework\web\CWebApplication.php(141): CWebApplication->runController('assets/834f436c...')
#1 C:\xampp\htdocs\ShopCuoi\framework\base\CApplication.php(169): CWebApplication->processRequest()
#2 C:\xampp\htdocs\ShopCuoi\index.php(13): CApplication->run()
#3 {main}
REQUEST_URI=/ShopCuoi/assets/834f436c/contents.css
---
2014/10/26 20:31:28 [error] [exception.CHttpException.404] exception 'CHttpException' with message 'Không thể giải quyết yêu cầu "images/left002.png".' in C:\xampp\htdocs\ShopCuoi\framework\web\CWebApplication.php:286
Stack trace:
#0 C:\xampp\htdocs\ShopCuoi\framework\web\CWebApplication.php(141): CWebApplication->runController('images/left002....')
#1 C:\xampp\htdocs\ShopCuoi\framework\base\CApplication.php(169): CWebApplication->processRequest()
#2 C:\xampp\htdocs\ShopCuoi\index.php(13): CApplication->run()
#3 {main}
REQUEST_URI=/ShopCuoi/images/left002.png
HTTP_REFERER=http://localhost/ShopCuoi/css/style.css
---
2014/10/29 18:52:46 [error] [exception.CHttpException.404] exception 'CHttpException' with message 'Không thể giải quyết yêu cầu "images/left002.png".' in C:\xampp\htdocs\ShopCuoi\framework\web\CWebApplication.php:286
Stack trace:
#0 C:\xampp\htdocs\ShopCuoi\framework\web\CWebApplication.php(141): CWebApplication->runController('images/left002....')
#1 C:\xampp\htdocs\ShopCuoi\framework\base\CApplication.php(169): CWebApplication->processRequest()
#2 C:\xampp\htdocs\ShopCuoi\index.php(13): CApplication->run()
#3 {main}
REQUEST_URI=/ShopCuoi/images/left002.png
HTTP_REFERER=http://localhost/ShopCuoi/css/style.css
---
2014/10/29 21:02:12 [error] [exception.CHttpException.404] exception 'CHttpException' with message 'Không thể giải quyết yêu cầu "images/left002.png".' in C:\xampp\htdocs\ShopCuoi\framework\web\CWebApplication.php:286
Stack trace:
#0 C:\xampp\htdocs\ShopCuoi\framework\web\CWebApplication.php(141): CWebApplication->runController('images/left002....')
#1 C:\xampp\htdocs\ShopCuoi\framework\base\CApplication.php(169): CWebApplication->processRequest()
#2 C:\xampp\htdocs\ShopCuoi\index.php(13): CApplication->run()
#3 {main}
REQUEST_URI=/ShopCuoi/images/left002.png
HTTP_REFERER=http://localhost/ShopCuoi/css/style.css
---
2014/10/29 21:54:08 [error] [exception.CHttpException.404] exception 'CHttpException' with message 'Không thể giải quyết yêu cầu "images/left002.png".' in C:\xampp\htdocs\ShopCuoi\framework\web\CWebApplication.php:286
Stack trace:
#0 C:\xampp\htdocs\ShopCuoi\framework\web\CWebApplication.php(141): CWebApplication->runController('images/left002....')
#1 C:\xampp\htdocs\ShopCuoi\framework\base\CApplication.php(169): CWebApplication->processRequest()
#2 C:\xampp\htdocs\ShopCuoi\index.php(13): CApplication->run()
#3 {main}
REQUEST_URI=/ShopCuoi/images/left002.png
HTTP_REFERER=http://localhost/ShopCuoi/css/style.css
---
2014/11/01 11:58:07 [error] [exception.CHttpException.404] exception 'CHttpException' with message 'Không thể giải quyết yêu cầu "assets/834f436c/contents.css".' in C:\xampp\htdocs\ShopCuoi\framework\web\CWebApplication.php:286
Stack trace:
#0 C:\xampp\htdocs\ShopCuoi\framework\web\CWebApplication.php(141): CWebApplication->runController('assets/834f436c...')
#1 C:\xampp\htdocs\ShopCuoi\framework\base\CApplication.php(169): CWebApplication->processRequest()
#2 C:\xampp\htdocs\ShopCuoi\index.php(13): CApplication->run()
#3 {main}
REQUEST_URI=/ShopCuoi/assets/834f436c/contents.css
---
2014/11/01 12:51:47 [error] [exception.CHttpException.404] exception 'CHttpException' with message 'Không thể giải quyết yêu cầu "images/left002.png".' in C:\xampp\htdocs\ShopCuoi\framework\web\CWebApplication.php:286
Stack trace:
#0 C:\xampp\htdocs\ShopCuoi\framework\web\CWebApplication.php(141): CWebApplication->runController('images/left002....')
#1 C:\xampp\htdocs\ShopCuoi\framework\base\CApplication.php(169): CWebApplication->processRequest()
#2 C:\xampp\htdocs\ShopCuoi\index.php(13): CApplication->run()
#3 {main}
REQUEST_URI=/ShopCuoi/images/left002.png
HTTP_REFERER=http://localhost/ShopCuoi/css/style.css
---
2014/11/01 16:53:58 [error] [exception.CHttpException.404] exception 'CHttpException' with message 'Không thể giải quyết yêu cầu "images/left002.png".' in C:\xampp\htdocs\ShopCuoi\framework\web\CWebApplication.php:286
Stack trace:
#0 C:\xampp\htdocs\ShopCuoi\framework\web\CWebApplication.php(141): CWebApplication->runController('images/left002....')
#1 C:\xampp\htdocs\ShopCuoi\framework\base\CApplication.php(169): CWebApplication->processRequest()
#2 C:\xampp\htdocs\ShopCuoi\index.php(13): CApplication->run()
#3 {main}
REQUEST_URI=/ShopCuoi/images/left002.png
HTTP_REFERER=http://localhost/ShopCuoi/css/style.css
---
2014/11/01 16:55:45 [error] [exception.CHttpException.404] exception 'CHttpException' with message 'Không thể giải quyết yêu cầu "images/left002.png".' in C:\xampp\htdocs\ShopCuoi\framework\web\CWebApplication.php:286
Stack trace:
#0 C:\xampp\htdocs\ShopCuoi\framework\web\CWebApplication.php(141): CWebApplication->runController('images/left002....')
#1 C:\xampp\htdocs\ShopCuoi\framework\base\CApplication.php(169): CWebApplication->processRequest()
#2 C:\xampp\htdocs\ShopCuoi\index.php(13): CApplication->run()
#3 {main}
REQUEST_URI=/ShopCuoi/images/left002.png
HTTP_REFERER=http://localhost/ShopCuoi/css/style.css
---
2014/11/02 12:42:50 [error] [exception.CHttpException.404] exception 'CHttpException' with message 'Không thể giải quyết yêu cầu "images/left002.png".' in C:\xampp\htdocs\ShopCuoi\framework\web\CWebApplication.php:286
Stack trace:
#0 C:\xampp\htdocs\ShopCuoi\framework\web\CWebApplication.php(141): CWebApplication->runController('images/left002....')
#1 C:\xampp\htdocs\ShopCuoi\framework\base\CApplication.php(169): CWebApplication->processRequest()
#2 C:\xampp\htdocs\ShopCuoi\index.php(13): CApplication->run()
#3 {main}
REQUEST_URI=/ShopCuoi/images/left002.png
HTTP_REFERER=http://localhost/ShopCuoi/css/style.css
---
2015/01/18 13:33:58 [error] [exception.CHttpException.404] exception 'CHttpException' with message 'Không thể giải quyết yêu cầu "images/left002.png".' in C:\xampp\htdocs\ShopCuoi\framework\web\CWebApplication.php:286
Stack trace:
#0 C:\xampp\htdocs\ShopCuoi\framework\web\CWebApplication.php(141): CWebApplication->runController('images/left002....')
#1 C:\xampp\htdocs\ShopCuoi\framework\base\CApplication.php(169): CWebApplication->processRequest()
#2 C:\xampp\htdocs\ShopCuoi\index.php(13): CApplication->run()
#3 {main}
REQUEST_URI=/ShopCuoi/images/left002.png
HTTP_REFERER=http://localhost/ShopCuoi/css/style.css
---
2015/01/25 22:12:09 [error] [exception.CHttpException.404] exception 'CHttpException' with message 'Không thể giải quyết yêu cầu "images/left002.png".' in C:\xampp\htdocs\ShopCuoi\framework\web\CWebApplication.php:286
Stack trace:
#0 C:\xampp\htdocs\ShopCuoi\framework\web\CWebApplication.php(141): CWebApplication->runController('images/left002....')
#1 C:\xampp\htdocs\ShopCuoi\framework\base\CApplication.php(169): CWebApplication->processRequest()
#2 C:\xampp\htdocs\ShopCuoi\index.php(13): CApplication->run()
#3 {main}
REQUEST_URI=/ShopCuoi/images/left002.png
HTTP_REFERER=http://localhost/ShopCuoi/css/style.css
---
2015/02/03 13:27:44 [error] [exception.CHttpException.404] exception 'CHttpException' with message 'Không thể giải quyết yêu cầu "images/left002.png".' in C:\xampp\htdocs\ShopCuoi\framework\web\CWebApplication.php:286
Stack trace:
#0 C:\xampp\htdocs\ShopCuoi\framework\web\CWebApplication.php(141): CWebApplication->runController('images/left002....')
#1 C:\xampp\htdocs\ShopCuoi\framework\base\CApplication.php(169): CWebApplication->processRequest()
#2 C:\xampp\htdocs\ShopCuoi\index.php(13): CApplication->run()
#3 {main}
REQUEST_URI=/ShopCuoi/images/left002.png
HTTP_REFERER=http://localhost/ShopCuoi/css/style.css
---
2015/02/03 15:19:34 [error] [exception.CHttpException.404] exception 'CHttpException' with message 'Không thể giải quyết yêu cầu "images/left002.png".' in C:\xampp\htdocs\ShopCuoi\framework\web\CWebApplication.php:286
Stack trace:
#0 C:\xampp\htdocs\ShopCuoi\framework\web\CWebApplication.php(141): CWebApplication->runController('images/left002....')
#1 C:\xampp\htdocs\ShopCuoi\framework\base\CApplication.php(169): CWebApplication->processRequest()
#2 C:\xampp\htdocs\ShopCuoi\index.php(13): CApplication->run()
#3 {main}
REQUEST_URI=/ShopCuoi/images/left002.png
HTTP_REFERER=http://localhost/ShopCuoi/css/style.css
---
2015/02/04 09:49:20 [error] [exception.CHttpException.404] exception 'CHttpException' with message 'Không thể giải quyết yêu cầu "images/left002.png".' in C:\xampp\htdocs\ShopCuoi\framework\web\CWebApplication.php:286
Stack trace:
#0 C:\xampp\htdocs\ShopCuoi\framework\web\CWebApplication.php(141): CWebApplication->runController('images/left002....')
#1 C:\xampp\htdocs\ShopCuoi\framework\base\CApplication.php(169): CWebApplication->processRequest()
#2 C:\xampp\htdocs\ShopCuoi\index.php(13): CApplication->run()
#3 {main}
REQUEST_URI=/ShopCuoi/images/left002.png
HTTP_REFERER=http://localhost/ShopCuoi/css/style.css
---
2015/02/10 00:17:29 [error] [exception.CHttpException.404] exception 'CHttpException' with message 'Không thể giải quyết yêu cầu "images/left002.png".' in C:\xampp\htdocs\ShopCuoi\framework\web\CWebApplication.php:286
Stack trace:
#0 C:\xampp\htdocs\ShopCuoi\framework\web\CWebApplication.php(141): CWebApplication->runController('images/left002....')
#1 C:\xampp\htdocs\ShopCuoi\framework\base\CApplication.php(169): CWebApplication->processRequest()
#2 C:\xampp\htdocs\ShopCuoi\index.php(13): CApplication->run()
#3 {main}
REQUEST_URI=/ShopCuoi/images/left002.png
HTTP_REFERER=http://localhost/ShopCuoi/css/style.css
---
